1.1538260810919018e8
3.6881505421525626e6
360487.29274150037
100612.8431898906
38957.856441806376
18446.73818141924
10558.705178916503
6587.905180527854
4198.089558057568
2850.696732978673
1956.9391731065473
1358.1738333653477
880.2410477644305
880.2410477644305
880.2410477644305
880.2410477644305
880.2410477644305
867.6300714304921
867.6300714304921
857.9634776840412
857.9634776840412
857.9634776840412
857.9634776840412
857.9634776840412
857.9634776840412
857.9634776840412
857.9634776840412
857.9634776840412
857.8973323989462
857.8973323989462
857.8973323989462
857.8799706829602
857.8799706829602
857.8799706829602
857.8799706829602
857.8799706829602
857.8799706829602
857.8794010123261
857.8794010123261
857.8791019356954
857.8791019356954
857.8791019356954
857.8790234282187
857.8790234282187
857.8789822115857
857.8789822115857
857.8789605728582
857.8789605728582
857.8789605728582
857.8789605728582
857.8789605728582
857.8789605728582
857.8789605728582
857.8789605728582
857.8789605728582
857.8789605728582
857.8789605728582
857.8789605506431
857.8789605506431
857.8789605388874
857.8789605388874
857.8789605388874
857.8789605388874
857.8789605388874
857.8789605388874
857.8789605388874
857.8789605387242
857.8789605387242
857.8789605387242
857.8789605387242
857.8789605387169
857.8789605387001
857.8789605387001
857.8789605387001
