( I_SD)            0 | ⚡E:  1.154e+08 ▶️ ⚡Amber:  1.154e+08 & ⚡Other:  0.000e+00 | Max Force:  2.324e+10 | Gamma:  1.000e-02
( I_SD)           50 | ⚡E:  8.579e+02 ▶️ ⚡Amber:  8.579e+02 & ⚡Other:  0.000e+00 | Max Force:  2.524e+03 | Gamma:  2.890e-11
(   MC)            0 | ⚡E:  1.384e+03 ▶️ ⚡Amber:  9.197e+02 & ⚡Other:  4.638e+02 | Dihedral: 7.85e-01 | Crankshaft: 7.85e-01 | AR: 0.0000 | T: 273.15
(   MC)           10 | ⚡E:  5.555e+02 ▶️ ⚡Amber: -4.439e+01 & ⚡Other:  5.999e+02 | Dihedral: 7.83e-01 | Crankshaft: 7.83e-01 | AR: 0.6000 | T: 270.69
(   MC)           20 | ⚡E:  2.129e+01 ▶️ ⚡Amber: -6.217e+02 & ⚡Other:  6.430e+02 | Dihedral: 7.80e-01 | Crankshaft: 7.80e-01 | AR: 0.5000 | T: 267.95
(   MC)           30 | ⚡E: -3.244e+02 ▶️ ⚡Amber: -8.015e+02 & ⚡Other:  4.771e+02 | Dihedral: 7.76e-01 | Crankshaft: 7.76e-01 | AR: 0.5000 | T: 265.22
(   MC)           40 | ⚡E: -3.825e+02 ▶️ ⚡Amber: -7.587e+02 & ⚡Other:  3.762e+02 | Dihedral: 7.72e-01 | Crankshaft: 7.72e-01 | AR: 0.5500 | T: 262.49
(   MC)           50 | ⚡E: -6.769e+02 ▶️ ⚡Amber: -9.678e+02 & ⚡Other:  2.909e+02 | Dihedral: 7.68e-01 | Crankshaft: 7.68e-01 | AR: 0.5600 | T: 259.75
(   MC)           60 | ⚡E: -8.921e+02 ▶️ ⚡Amber: -1.223e+03 & ⚡Other:  3.308e+02 | Dihedral: 7.64e-01 | Crankshaft: 7.64e-01 | AR: 0.5667 | T: 257.02
(   MC)           70 | ⚡E: -1.300e+03 ▶️ ⚡Amber: -1.590e+03 & ⚡Other:  2.908e+02 | Dihedral: 7.61e-01 | Crankshaft: 7.61e-01 | AR: 0.5571 | T: 254.28
(   MC)           80 | ⚡E: -1.112e+03 ▶️ ⚡Amber: -1.419e+03 & ⚡Other:  3.067e+02 | Dihedral: 7.57e-01 | Crankshaft: 7.57e-01 | AR: 0.5500 | T: 251.55
(   MC)           90 | ⚡E: -1.104e+03 ▶️ ⚡Amber: -1.404e+03 & ⚡Other:  3.005e+02 | Dihedral: 7.53e-01 | Crankshaft: 7.53e-01 | AR: 0.5333 | T: 248.82
(   MC)          100 | ⚡E: -6.335e+02 ▶️ ⚡Amber: -8.946e+02 & ⚡Other:  2.611e+02 | Dihedral: 7.49e-01 | Crankshaft: 7.49e-01 | AR: 0.5200 | T: 246.08
(   MC)          110 | ⚡E: -1.032e+03 ▶️ ⚡Amber: -1.271e+03 & ⚡Other:  2.386e+02 | Dihedral: 7.46e-01 | Crankshaft: 7.46e-01 | AR: 0.4909 | T: 243.35
(   MC)          120 | ⚡E: -1.198e+03 ▶️ ⚡Amber: -1.436e+03 & ⚡Other:  2.386e+02 | Dihedral: 7.42e-01 | Crankshaft: 7.42e-01 | AR: 0.4667 | T: 240.61
(   MC)          130 | ⚡E: -1.966e+03 ▶️ ⚡Amber: -2.196e+03 & ⚡Other:  2.301e+02 | Dihedral: 7.38e-01 | Crankshaft: 7.38e-01 | AR: 0.4615 | T: 237.88
(   MC)          140 | ⚡E: -2.273e+03 ▶️ ⚡Amber: -2.506e+03 & ⚡Other:  2.332e+02 | Dihedral: 7.34e-01 | Crankshaft: 7.34e-01 | AR: 0.4357 | T: 235.14
(   MC)          150 | ⚡E: -2.350e+03 ▶️ ⚡Amber: -2.583e+03 & ⚡Other:  2.333e+02 | Dihedral: 7.31e-01 | Crankshaft: 7.31e-01 | AR: 0.4400 | T: 232.41
(   MC)          160 | ⚡E: -2.244e+03 ▶️ ⚡Amber: -2.477e+03 & ⚡Other:  2.333e+02 | Dihedral: 7.27e-01 | Crankshaft: 7.27e-01 | AR: 0.4313 | T: 229.68
(   MC)          170 | ⚡E: -2.330e+03 ▶️ ⚡Amber: -2.552e+03 & ⚡Other:  2.223e+02 | Dihedral: 7.24e-01 | Crankshaft: 7.24e-01 | AR: 0.4176 | T: 226.94
(   MC)          180 | ⚡E: -2.395e+03 ▶️ ⚡Amber: -2.617e+03 & ⚡Other:  2.223e+02 | Dihedral: 7.20e-01 | Crankshaft: 7.20e-01 | AR: 0.4278 | T: 224.21
(   MC)          190 | ⚡E: -2.523e+03 ▶️ ⚡Amber: -2.745e+03 & ⚡Other:  2.228e+02 | Dihedral: 7.16e-01 | Crankshaft: 7.16e-01 | AR: 0.4211 | T: 221.47
(   MC)          200 | ⚡E: -2.523e+03 ▶️ ⚡Amber: -2.745e+03 & ⚡Other:  2.228e+02 | Dihedral: 7.13e-01 | Crankshaft: 7.13e-01 | AR: 0.4100 | T: 218.74
(   MC)          210 | ⚡E: -2.853e+03 ▶️ ⚡Amber: -3.077e+03 & ⚡Other:  2.238e+02 | Dihedral: 7.09e-01 | Crankshaft: 7.09e-01 | AR: 0.4095 | T: 216.00
(   MC)          220 | ⚡E: -2.853e+03 ▶️ ⚡Amber: -3.077e+03 & ⚡Other:  2.238e+02 | Dihedral: 7.06e-01 | Crankshaft: 7.06e-01 | AR: 0.3955 | T: 213.27
(   MC)          230 | ⚡E: -2.853e+03 ▶️ ⚡Amber: -3.077e+03 & ⚡Other:  2.238e+02 | Dihedral: 7.02e-01 | Crankshaft: 7.02e-01 | AR: 0.3870 | T: 210.54
(   MC)          240 | ⚡E: -3.048e+03 ▶️ ⚡Amber: -3.274e+03 & ⚡Other:  2.264e+02 | Dihedral: 6.99e-01 | Crankshaft: 6.99e-01 | AR: 0.3833 | T: 207.80
(   MC)          250 | ⚡E: -3.066e+03 ▶️ ⚡Amber: -3.292e+03 & ⚡Other:  2.264e+02 | Dihedral: 6.95e-01 | Crankshaft: 6.95e-01 | AR: 0.3800 | T: 205.07
(   MC)          260 | ⚡E: -3.097e+03 ▶️ ⚡Amber: -3.324e+03 & ⚡Other:  2.264e+02 | Dihedral: 6.92e-01 | Crankshaft: 6.92e-01 | AR: 0.3769 | T: 202.33
(   MC)          270 | ⚡E: -3.063e+03 ▶️ ⚡Amber: -3.285e+03 & ⚡Other:  2.225e+02 | Dihedral: 6.88e-01 | Crankshaft: 6.88e-01 | AR: 0.3778 | T: 199.60
(   MC)          280 | ⚡E: -3.034e+03 ▶️ ⚡Amber: -3.257e+03 & ⚡Other:  2.225e+02 | Dihedral: 6.85e-01 | Crankshaft: 6.85e-01 | AR: 0.3714 | T: 196.86
(   MC)          290 | ⚡E: -3.047e+03 ▶️ ⚡Amber: -3.269e+03 & ⚡Other:  2.225e+02 | Dihedral: 6.81e-01 | Crankshaft: 6.81e-01 | AR: 0.3690 | T: 194.13
(   MC)          300 | ⚡E: -3.185e+03 ▶️ ⚡Amber: -3.408e+03 & ⚡Other:  2.225e+02 | Dihedral: 6.78e-01 | Crankshaft: 6.78e-01 | AR: 0.3667 | T: 191.40
(   MC)          310 | ⚡E: -3.203e+03 ▶️ ⚡Amber: -3.426e+03 & ⚡Other:  2.225e+02 | Dihedral: 6.75e-01 | Crankshaft: 6.75e-01 | AR: 0.3581 | T: 188.66
(   MC)          320 | ⚡E: -3.203e+03 ▶️ ⚡Amber: -3.426e+03 & ⚡Other:  2.225e+02 | Dihedral: 6.71e-01 | Crankshaft: 6.71e-01 | AR: 0.3531 | T: 185.93
(   MC)          330 | ⚡E: -3.284e+03 ▶️ ⚡Amber: -3.524e+03 & ⚡Other:  2.402e+02 | Dihedral: 6.68e-01 | Crankshaft: 6.68e-01 | AR: 0.3485 | T: 183.19
(   MC)          340 | ⚡E: -3.284e+03 ▶️ ⚡Amber: -3.524e+03 & ⚡Other:  2.402e+02 | Dihedral: 6.65e-01 | Crankshaft: 6.65e-01 | AR: 0.3471 | T: 180.46
(   MC)          350 | ⚡E: -3.027e+03 ▶️ ⚡Amber: -3.267e+03 & ⚡Other:  2.402e+02 | Dihedral: 6.61e-01 | Crankshaft: 6.61e-01 | AR: 0.3457 | T: 177.73
(   MC)          360 | ⚡E: -3.398e+03 ▶️ ⚡Amber: -3.639e+03 & ⚡Other:  2.404e+02 | Dihedral: 6.58e-01 | Crankshaft: 6.58e-01 | AR: 0.3528 | T: 174.99
(   MC)          370 | ⚡E: -3.377e+03 ▶️ ⚡Amber: -3.617e+03 & ⚡Other:  2.404e+02 | Dihedral: 6.55e-01 | Crankshaft: 6.55e-01 | AR: 0.3514 | T: 172.26
(   MC)          380 | ⚡E: -3.471e+03 ▶️ ⚡Amber: -3.712e+03 & ⚡Other:  2.404e+02 | Dihedral: 6.51e-01 | Crankshaft: 6.51e-01 | AR: 0.3526 | T: 169.52
(   MC)          390 | ⚡E: -3.517e+03 ▶️ ⚡Amber: -3.757e+03 & ⚡Other:  2.404e+02 | Dihedral: 6.48e-01 | Crankshaft: 6.48e-01 | AR: 0.3462 | T: 166.79
(   MC)          400 | ⚡E: -3.462e+03 ▶️ ⚡Amber: -3.703e+03 & ⚡Other:  2.408e+02 | Dihedral: 6.45e-01 | Crankshaft: 6.45e-01 | AR: 0.3425 | T: 164.05
(   MC)          410 | ⚡E: -3.340e+03 ▶️ ⚡Amber: -3.580e+03 & ⚡Other:  2.408e+02 | Dihedral: 6.42e-01 | Crankshaft: 6.42e-01 | AR: 0.3390 | T: 161.32
(   MC)          420 | ⚡E: -3.418e+03 ▶️ ⚡Amber: -3.659e+03 & ⚡Other:  2.409e+02 | Dihedral: 6.39e-01 | Crankshaft: 6.39e-01 | AR: 0.3357 | T: 158.59
(   MC)          430 | ⚡E: -3.418e+03 ▶️ ⚡Amber: -3.659e+03 & ⚡Other:  2.409e+02 | Dihedral: 6.35e-01 | Crankshaft: 6.35e-01 | AR: 0.3279 | T: 155.85
(   MC)          440 | ⚡E: -3.355e+03 ▶️ ⚡Amber: -3.599e+03 & ⚡Other:  2.443e+02 | Dihedral: 6.32e-01 | Crankshaft: 6.32e-01 | AR: 0.3250 | T: 153.12
(   MC)          450 | ⚡E: -3.413e+03 ▶️ ⚡Amber: -3.658e+03 & ⚡Other:  2.443e+02 | Dihedral: 6.29e-01 | Crankshaft: 6.29e-01 | AR: 0.3222 | T: 150.38
(   MC)          460 | ⚡E: -3.338e+03 ▶️ ⚡Amber: -3.583e+03 & ⚡Other:  2.443e+02 | Dihedral: 6.26e-01 | Crankshaft: 6.26e-01 | AR: 0.3174 | T: 147.65
(   MC)          470 | ⚡E: -3.214e+03 ▶️ ⚡Amber: -3.447e+03 & ⚡Other:  2.333e+02 | Dihedral: 6.23e-01 | Crankshaft: 6.23e-01 | AR: 0.3170 | T: 144.91
(   MC)          480 | ⚡E: -3.291e+03 ▶️ ⚡Amber: -3.526e+03 & ⚡Other:  2.348e+02 | Dihedral: 6.20e-01 | Crankshaft: 6.20e-01 | AR: 0.3125 | T: 142.18
(   MC)          490 | ⚡E: -3.291e+03 ▶️ ⚡Amber: -3.526e+03 & ⚡Other:  2.348e+02 | Dihedral: 6.17e-01 | Crankshaft: 6.17e-01 | AR: 0.3061 | T: 139.45
(   MC)          500 | ⚡E: -3.487e+03 ▶️ ⚡Amber: -3.722e+03 & ⚡Other:  2.348e+02 | Dihedral: 6.13e-01 | Crankshaft: 6.13e-01 | AR: 0.3020 | T: 136.71
(   MC)          510 | ⚡E: -3.479e+03 ▶️ ⚡Amber: -3.710e+03 & ⚡Other:  2.303e+02 | Dihedral: 6.10e-01 | Crankshaft: 6.10e-01 | AR: 0.3000 | T: 133.98
(   MC)          520 | ⚡E: -3.500e+03 ▶️ ⚡Amber: -3.732e+03 & ⚡Other:  2.321e+02 | Dihedral: 6.07e-01 | Crankshaft: 6.07e-01 | AR: 0.3000 | T: 131.24
(   MC)          530 | ⚡E: -3.500e+03 ▶️ ⚡Amber: -3.732e+03 & ⚡Other:  2.321e+02 | Dihedral: 6.04e-01 | Crankshaft: 6.04e-01 | AR: 0.2943 | T: 128.51
