                0       TOTAL        AMBER     CONTACTS          SOL           HB  | TEMPERATURE
    NATIVE      0  1.4560e+03   1.7440e+03   3.6451e+01   1.9271e+03  -2.2516e+03  | -1.000
Sim Anneal      0  4.0520e+04   1.7944e+03   4.0434e+04   7.8878e+02  -2.4976e+03  | -1.000
ILSRR 40519.77445122397 40519.77445122397 
Sim Anneal      0  4.0520e+04   1.7944e+03   4.0434e+04   7.8878e+02  -2.4976e+03  | -1.000
Sim Anneal   1000  4.9586e+03   2.7125e+03   3.5637e+03   1.1883e+03  -2.5058e+03  | 960.000
Sim Anneal   2000  3.6908e+03   2.6138e+03   1.8984e+03   1.6773e+03  -2.4986e+03  | 920.000
Sim Anneal   3000  3.2425e+03   2.4159e+03   1.6435e+03   1.6739e+03  -2.4908e+03  | 880.000
Sim Anneal   4000  2.9751e+03   2.3979e+03   1.4424e+03   1.6260e+03  -2.4911e+03  | 840.000
Sim Anneal   5000  2.8278e+03   2.3079e+03   1.2528e+03   1.7587e+03  -2.4916e+03  | 800.000
Sim Anneal   6000  2.7624e+03   2.2818e+03   1.2056e+03   1.7668e+03  -2.4917e+03  | 760.000
Sim Anneal   7000  2.6982e+03   2.2458e+03   1.1561e+03   1.7905e+03  -2.4942e+03  | 720.000
Sim Anneal   8000  2.6538e+03   2.1908e+03   1.1665e+03   1.7871e+03  -2.4905e+03  | 680.000
Sim Anneal   9000  2.6183e+03   2.1772e+03   1.1140e+03   1.8150e+03  -2.4879e+03  | 640.000
Sim Anneal  10000  2.5922e+03   2.1896e+03   1.1749e+03   1.7115e+03  -2.4838e+03  | 600.000
Sim Anneal  11000  2.5859e+03   2.1502e+03   1.0493e+03   1.8716e+03  -2.4852e+03  | 560.000
Sim Anneal  12000  2.5611e+03   2.1774e+03   9.7643e+02   1.8941e+03  -2.4869e+03  | 520.000
Sim Anneal  13000  2.5048e+03   2.1607e+03   9.9074e+02   1.8374e+03  -2.4840e+03  | 480.000
Sim Anneal  14000  2.4593e+03   2.1411e+03   1.0004e+03   1.8006e+03  -2.4827e+03  | 440.000
Sim Anneal  15000  2.3876e+03   2.0925e+03   9.3316e+02   1.8456e+03  -2.4838e+03  | 400.000
Sim Anneal  16000  2.3196e+03   2.0815e+03   9.6458e+02   1.7552e+03  -2.4817e+03  | 360.000
Sim Anneal  17000  2.2500e+03   2.0065e+03   9.7549e+02   1.7453e+03  -2.4773e+03  | 320.000
Sim Anneal  18000  2.2108e+03   2.0037e+03   9.1150e+02   1.7785e+03  -2.4829e+03  | 280.000
Sim Anneal  19000  2.1915e+03   1.9861e+03   9.0573e+02   1.7823e+03  -2.4826e+03  | 240.000
Sim Anneal  20000  2.1786e+03   1.9563e+03   9.0466e+02   1.7967e+03  -2.4791e+03  | 200.000
Sim Anneal  21000  2.1680e+03   1.9391e+03   9.1902e+02   1.7892e+03  -2.4793e+03  | 160.000
Sim Anneal  22000  2.1701e+03   1.9532e+03   9.0466e+02   1.7919e+03  -2.4797e+03  | 120.000
Sim Anneal  23000  2.1278e+03   1.9303e+03   8.2704e+02   1.8496e+03  -2.4791e+03  | 80.000
Sim Anneal  24000  2.1040e+03   1.9416e+03   8.4233e+02   1.8022e+03  -2.4821e+03  | 40.000
Sim Anneal  25000  2.0963e+03   1.9272e+03   8.5160e+02   1.7992e+03  -2.4817e+03  |  0.000
ILSRR 2096.312142282885 2096.312142282885 
Sim Anneal      0  1.7303e+05   1.6109e+05   1.3108e+04   1.3356e+03  -2.5094e+03  | -1.000
Sim Anneal   1000  6.3487e+03   3.3210e+03   4.0726e+03   1.4376e+03  -2.4825e+03  | 960.000
Sim Anneal   2000  5.4147e+03   3.0645e+03   3.3019e+03   1.5201e+03  -2.4718e+03  | 920.000
Sim Anneal   3000  4.6510e+03   2.6766e+03   2.7036e+03   1.7649e+03  -2.4942e+03  | 880.000
Sim Anneal   4000  4.3063e+03   2.5694e+03   2.5855e+03   1.6372e+03  -2.4858e+03  | 840.000
Sim Anneal   5000  4.1476e+03   2.6164e+03   2.4438e+03   1.5709e+03  -2.4834e+03  | 800.000
Sim Anneal   6000  4.0122e+03   2.5906e+03   2.2699e+03   1.6262e+03  -2.4746e+03  | 760.000
Sim Anneal   7000  3.6770e+03   2.6668e+03   1.6919e+03   1.8036e+03  -2.4853e+03  | 720.000
Sim Anneal   8000  3.6510e+03   2.6410e+03   1.6716e+03   1.8183e+03  -2.4799e+03  | 680.000
Sim Anneal   9000  3.4700e+03   2.3848e+03   1.8038e+03   1.7485e+03  -2.4671e+03  | 640.000
Sim Anneal  10000  3.3909e+03   2.3750e+03   1.6937e+03   1.7946e+03  -2.4723e+03  | 600.000
Sim Anneal  11000  3.3224e+03   2.2801e+03   1.7116e+03   1.7979e+03  -2.4672e+03  | 560.000
Sim Anneal  12000  3.3086e+03   2.2586e+03   1.7247e+03   1.7968e+03  -2.4715e+03  | 520.000
Sim Anneal  13000  3.2725e+03   2.2726e+03   1.6368e+03   1.8398e+03  -2.4767e+03  | 480.000
Sim Anneal  14000  3.2433e+03   2.2790e+03   1.6154e+03   1.8246e+03  -2.4757e+03  | 440.000
Sim Anneal  15000  3.2369e+03   2.2362e+03   1.6454e+03   1.8268e+03  -2.4715e+03  | 400.000
Sim Anneal  16000  3.2227e+03   2.2290e+03   1.6395e+03   1.8226e+03  -2.4683e+03  | 360.000
Sim Anneal  17000  3.2188e+03   2.2433e+03   1.6314e+03   1.8157e+03  -2.4717e+03  | 320.000
Sim Anneal  18000  3.1887e+03   2.1950e+03   1.6356e+03   1.8237e+03  -2.4656e+03  | 280.000
Sim Anneal  19000  3.1818e+03   2.1699e+03   1.6547e+03   1.8173e+03  -2.4601e+03  | 240.000
Sim Anneal  20000  3.1550e+03   2.1469e+03   1.6496e+03   1.8200e+03  -2.4615e+03  | 200.000
Sim Anneal  21000  3.1404e+03   2.1855e+03   1.5907e+03   1.8301e+03  -2.4659e+03  | 160.000
Sim Anneal  22000  3.1297e+03   2.1647e+03   1.5998e+03   1.8309e+03  -2.4657e+03  | 120.000
Sim Anneal  23000  3.1288e+03   2.1800e+03   1.5868e+03   1.8294e+03  -2.4674e+03  | 80.000
Sim Anneal  24000  3.1245e+03   2.1693e+03   1.5949e+03   1.8265e+03  -2.4661e+03  | 40.000
Sim Anneal  25000  3.1172e+03   2.1586e+03   1.5978e+03   1.8277e+03  -2.4668e+03  |  0.000
ILSRR 3117.245421348338 2096.312142282885 
Sim Anneal      0  6.1600e+13   6.1600e+13   1.1908e+04   1.4107e+03  -2.6330e+03  | -1.000
Sim Anneal   1000  5.6997e+03   3.3885e+03   3.2299e+03   1.5322e+03  -2.4509e+03  | 960.000
Sim Anneal   2000  4.8916e+03   3.3796e+03   2.4271e+03   1.5399e+03  -2.4550e+03  | 920.000
Sim Anneal   3000  4.2150e+03   2.9606e+03   2.0783e+03   1.6211e+03  -2.4449e+03  | 880.000
Sim Anneal   4000  4.2214e+03   2.9179e+03   2.1556e+03   1.5888e+03  -2.4410e+03  | 840.000
Sim Anneal   5000  4.1438e+03   2.9008e+03   2.1109e+03   1.5678e+03  -2.4357e+03  | 800.000
Sim Anneal   6000  4.0457e+03   2.9301e+03   2.0036e+03   1.5501e+03  -2.4382e+03  | 760.000
Sim Anneal   7000  3.8065e+03   2.7372e+03   1.9428e+03   1.5553e+03  -2.4287e+03  | 720.000
Sim Anneal   8000  3.2355e+03   2.6462e+03   1.3890e+03   1.6401e+03  -2.4398e+03  | 680.000
Sim Anneal   9000  3.1784e+03   2.5765e+03   1.4080e+03   1.6320e+03  -2.4381e+03  | 640.000
Sim Anneal  10000  3.1310e+03   2.5624e+03   1.3879e+03   1.6164e+03  -2.4358e+03  | 600.000
Sim Anneal  11000  3.1313e+03   2.5606e+03   1.3950e+03   1.6149e+03  -2.4391e+03  | 560.000
Sim Anneal  12000  3.1255e+03   2.5570e+03   1.3875e+03   1.6188e+03  -2.4378e+03  | 520.000
Sim Anneal  13000  3.1308e+03   2.5539e+03   1.3895e+03   1.6225e+03  -2.4352e+03  | 480.000
Sim Anneal  14000  3.1366e+03   2.5657e+03   1.3858e+03   1.6212e+03  -2.4362e+03  | 440.000
Sim Anneal  15000  3.1427e+03   2.5665e+03   1.3615e+03   1.6541e+03  -2.4394e+03  | 400.000
Sim Anneal  16000  3.1427e+03   2.5665e+03   1.3615e+03   1.6541e+03  -2.4394e+03  | 360.000
Sim Anneal  17000  3.1225e+03   2.5486e+03   1.3653e+03   1.6480e+03  -2.4394e+03  | 320.000
Sim Anneal  18000  3.0953e+03   2.5538e+03   1.3326e+03   1.6448e+03  -2.4359e+03  | 280.000
Sim Anneal  19000  3.0886e+03   2.5522e+03   1.2717e+03   1.7013e+03  -2.4366e+03  | 240.000
Sim Anneal  20000  2.9888e+03   2.5355e+03   1.1262e+03   1.7614e+03  -2.4343e+03  | 200.000
Sim Anneal  21000  2.9601e+03   2.5487e+03   1.1188e+03   1.7274e+03  -2.4347e+03  | 160.000
Sim Anneal  22000  2.9623e+03   2.5531e+03   1.1208e+03   1.7265e+03  -2.4381e+03  | 120.000
Sim Anneal  23000  2.9129e+03   2.5518e+03   1.0838e+03   1.7182e+03  -2.4409e+03  | 80.000
Sim Anneal  24000  2.8926e+03   2.5341e+03   1.0591e+03   1.7417e+03  -2.4423e+03  | 40.000
Sim Anneal  25000  2.8839e+03   2.5225e+03   1.0614e+03   1.7414e+03  -2.4415e+03  |  0.000
ILSRR 2883.8605371297845 2096.312142282885 
Sim Anneal      0  1.0725e+05   9.4618e+04   1.4107e+04   1.0090e+03  -2.4812e+03  | -1.000
Sim Anneal   1000  6.1355e+03   3.4964e+03   3.8398e+03   1.2301e+03  -2.4307e+03  | 960.000
Sim Anneal   2000  4.7034e+03   3.4112e+03   2.0070e+03   1.7253e+03  -2.4402e+03  | 920.000
Sim Anneal   3000  4.0015e+03   3.1617e+03   1.3303e+03   1.9515e+03  -2.4420e+03  | 880.000
Sim Anneal   4000  3.8409e+03   3.0248e+03   1.3010e+03   1.9627e+03  -2.4476e+03  | 840.000
Sim Anneal   5000  3.7474e+03   2.8509e+03   1.3581e+03   1.9712e+03  -2.4329e+03  | 800.000
Sim Anneal   6000  3.5701e+03   2.7380e+03   1.3050e+03   1.9659e+03  -2.4388e+03  | 760.000
Sim Anneal   7000  3.3779e+03   2.6621e+03   1.1899e+03   1.9684e+03  -2.4425e+03  | 720.000
Sim Anneal   8000  3.3563e+03   2.6380e+03   1.1928e+03   1.9698e+03  -2.4443e+03  | 680.000
Sim Anneal   9000  3.3603e+03   2.6210e+03   1.2028e+03   1.9750e+03  -2.4385e+03  | 640.000
Sim Anneal  10000  3.3505e+03   2.6158e+03   1.1885e+03   1.9808e+03  -2.4345e+03  | 600.000
Sim Anneal  11000  3.3638e+03   2.6271e+03   1.1938e+03   1.9793e+03  -2.4364e+03  | 560.000
Sim Anneal  12000  3.3511e+03   2.6400e+03   1.1743e+03   1.9759e+03  -2.4391e+03  | 520.000
Sim Anneal  13000  3.3303e+03   2.6198e+03   1.2273e+03   1.9204e+03  -2.4372e+03  | 480.000
Sim Anneal  14000  3.3222e+03   2.6153e+03   1.2208e+03   1.9228e+03  -2.4366e+03  | 440.000
Sim Anneal  15000  3.3312e+03   2.6505e+03   1.2006e+03   1.9183e+03  -2.4381e+03  | 400.000
Sim Anneal  16000  3.3002e+03   2.6263e+03   1.1867e+03   1.9244e+03  -2.4372e+03  | 360.000
Sim Anneal  17000  3.3048e+03   2.6161e+03   1.1982e+03   1.9254e+03  -2.4350e+03  | 320.000
Sim Anneal  18000  3.2954e+03   2.6266e+03   1.1729e+03   1.9327e+03  -2.4368e+03  | 280.000
Sim Anneal  19000  3.2762e+03   2.6082e+03   1.1736e+03   1.9322e+03  -2.4378e+03  | 240.000
Sim Anneal  20000  3.2802e+03   2.5934e+03   1.1888e+03   1.9362e+03  -2.4382e+03  | 200.000
Sim Anneal  21000  3.2700e+03   2.6004e+03   1.1740e+03   1.9350e+03  -2.4395e+03  | 160.000
Sim Anneal  22000  3.2700e+03   2.6004e+03   1.1740e+03   1.9350e+03  -2.4395e+03  | 120.000
Sim Anneal  23000  3.2333e+03   2.5765e+03   1.1686e+03   1.9307e+03  -2.4424e+03  | 80.000
Sim Anneal  24000  3.2333e+03   2.5765e+03   1.1686e+03   1.9307e+03  -2.4424e+03  | 40.000
Sim Anneal  25000  3.2333e+03   2.5765e+03   1.1686e+03   1.9307e+03  -2.4424e+03  |  0.000
ILSRR 3233.3492087931545 2096.312142282885 
Sim Anneal      0  2.6070e+12   2.6070e+12   1.7015e+04   1.4135e+03  -2.8798e+03  | -1.000
Sim Anneal   1000  6.0736e+03   3.0885e+03   3.8409e+03   1.6250e+03  -2.4808e+03  | 960.000
Sim Anneal   2000  5.4064e+03   3.4616e+03   2.7182e+03   1.7146e+03  -2.4879e+03  | 920.000
Sim Anneal   3000  3.9686e+03   2.8855e+03   1.9150e+03   1.6150e+03  -2.4469e+03  | 880.000
Sim Anneal   4000  3.3607e+03   2.7935e+03   1.1241e+03   1.8934e+03  -2.4503e+03  | 840.000
Sim Anneal   5000  3.2831e+03   2.7568e+03   1.2107e+03   1.7730e+03  -2.4574e+03  | 800.000
Sim Anneal   6000  3.2328e+03   2.6878e+03   1.1870e+03   1.8046e+03  -2.4466e+03  | 760.000
Sim Anneal   7000  3.1731e+03   2.5506e+03   1.2572e+03   1.8040e+03  -2.4386e+03  | 720.000
Sim Anneal   8000  3.0861e+03   2.5596e+03   1.1965e+03   1.7754e+03  -2.4454e+03  | 680.000
Sim Anneal   9000  3.0472e+03   2.4703e+03   1.2538e+03   1.7629e+03  -2.4399e+03  | 640.000
Sim Anneal  10000  3.0590e+03   2.4455e+03   1.2977e+03   1.7515e+03  -2.4357e+03  | 600.000
Sim Anneal  11000  3.0661e+03   2.4908e+03   1.2505e+03   1.7677e+03  -2.4428e+03  | 560.000
Sim Anneal  12000  3.0236e+03   2.4207e+03   1.2768e+03   1.7646e+03  -2.4385e+03  | 520.000
Sim Anneal  13000  3.0179e+03   2.4144e+03   1.2816e+03   1.7638e+03  -2.4419e+03  | 480.000
Sim Anneal  14000  3.0116e+03   2.4542e+03   1.1945e+03   1.8008e+03  -2.4379e+03  | 440.000
Sim Anneal  15000  2.9992e+03   2.4470e+03   1.1909e+03   1.8015e+03  -2.4402e+03  | 400.000
Sim Anneal  16000  2.9985e+03   2.4530e+03   1.1859e+03   1.8025e+03  -2.4429e+03  | 360.000
Sim Anneal  17000  2.9937e+03   2.4302e+03   1.2041e+03   1.7996e+03  -2.4402e+03  | 320.000
Sim Anneal  18000  2.9873e+03   2.4473e+03   1.1697e+03   1.8127e+03  -2.4423e+03  | 280.000
Sim Anneal  19000  2.9873e+03   2.4473e+03   1.1697e+03   1.8127e+03  -2.4423e+03  | 240.000
Sim Anneal  20000  2.9844e+03   2.4427e+03   1.1777e+03   1.8094e+03  -2.4454e+03  | 200.000
Sim Anneal  21000  2.9793e+03   2.4415e+03   1.1658e+03   1.8129e+03  -2.4409e+03  | 160.000
Sim Anneal  22000  2.9803e+03   2.4448e+03   1.1628e+03   1.8133e+03  -2.4406e+03  | 120.000
Sim Anneal  23000  2.9718e+03   2.4203e+03   1.1819e+03   1.8108e+03  -2.4412e+03  | 80.000
Sim Anneal  24000  2.9718e+03   2.4203e+03   1.1819e+03   1.8108e+03  -2.4412e+03  | 40.000
Sim Anneal  25000  2.9463e+03   2.4234e+03   1.1221e+03   1.8542e+03  -2.4534e+03  |  0.000
ILSRR 2946.3041879102366 2096.312142282885 
Sim Anneal      0  3.1994e+06   3.1864e+06   1.4598e+04   9.5031e+02  -2.5883e+03  | -1.000
Sim Anneal   1000  7.2426e+03   3.4941e+03   4.9860e+03   1.2089e+03  -2.4464e+03  | 960.000
Sim Anneal   2000  5.4848e+03   3.4110e+03   3.1400e+03   1.3766e+03  -2.4428e+03  | 920.000
Sim Anneal   3000  5.1666e+03   3.2140e+03   2.9878e+03   1.4107e+03  -2.4459e+03  | 880.000
Sim Anneal   4000  5.0742e+03   3.0571e+03   3.0880e+03   1.3610e+03  -2.4319e+03  | 840.000
Sim Anneal   5000  4.8731e+03   2.8238e+03   3.0906e+03   1.4023e+03  -2.4436e+03  | 800.000
Sim Anneal   6000  4.4799e+03   2.9639e+03   2.6269e+03   1.3343e+03  -2.4452e+03  | 760.000
Sim Anneal   7000  4.0932e+03   2.9190e+03   2.2417e+03   1.3753e+03  -2.4429e+03  | 720.000
Sim Anneal   8000  3.9022e+03   2.9047e+03   1.9820e+03   1.4558e+03  -2.4402e+03  | 680.000
Sim Anneal   9000  3.7174e+03   2.7626e+03   1.9192e+03   1.4670e+03  -2.4313e+03  | 640.000
Sim Anneal  10000  3.5615e+03   2.7459e+03   1.7314e+03   1.5139e+03  -2.4298e+03  | 600.000
Sim Anneal  11000  3.4923e+03   2.6892e+03   1.6263e+03   1.6075e+03  -2.4307e+03  | 560.000
Sim Anneal  12000  3.4631e+03   2.6687e+03   1.6162e+03   1.6073e+03  -2.4291e+03  | 520.000
Sim Anneal  13000  3.4137e+03   2.6372e+03   1.6371e+03   1.5701e+03  -2.4305e+03  | 480.000
Sim Anneal  14000  3.4249e+03   2.6417e+03   1.6500e+03   1.5628e+03  -2.4296e+03  | 440.000
Sim Anneal  15000  3.4281e+03   2.7241e+03   1.5556e+03   1.5767e+03  -2.4283e+03  | 400.000
Sim Anneal  16000  3.3775e+03   2.6510e+03   1.6101e+03   1.5483e+03  -2.4320e+03  | 360.000
Sim Anneal  17000  3.3738e+03   2.6380e+03   1.6230e+03   1.5449e+03  -2.4321e+03  | 320.000
Sim Anneal  18000  3.2521e+03   2.6277e+03   1.4792e+03   1.5828e+03  -2.4376e+03  | 280.000
Sim Anneal  19000  3.2239e+03   2.6485e+03   1.4121e+03   1.5953e+03  -2.4320e+03  | 240.000
Sim Anneal  20000  3.0714e+03   2.5895e+03   1.2470e+03   1.6709e+03  -2.4360e+03  | 200.000
Sim Anneal  21000  3.0687e+03   2.5658e+03   1.2677e+03   1.6703e+03  -2.4352e+03  | 160.000
Sim Anneal  22000  3.0492e+03   2.5553e+03   1.2535e+03   1.6749e+03  -2.4345e+03  | 120.000
Sim Anneal  23000  2.9872e+03   2.5358e+03   1.2144e+03   1.6778e+03  -2.4408e+03  | 80.000
Sim Anneal  24000  2.9872e+03   2.5358e+03   1.2144e+03   1.6778e+03  -2.4408e+03  | 40.000
Sim Anneal  25000  2.9872e+03   2.5358e+03   1.2144e+03   1.6778e+03  -2.4408e+03  |  0.000
ILSRR 2987.1630985125335 2096.312142282885 
Sim Anneal      0  9.8538e+10   9.8538e+10   1.4598e+04   1.3707e+03  -2.6601e+03  | -1.000
Sim Anneal   1000  5.9318e+03   3.9499e+03   2.7878e+03   1.6354e+03  -2.4412e+03  | 960.000
Sim Anneal   2000  4.8678e+03   3.4710e+03   2.3437e+03   1.4923e+03  -2.4392e+03  | 920.000
Sim Anneal   3000  3.8418e+03   3.0035e+03   1.4836e+03   1.8066e+03  -2.4519e+03  | 880.000
Sim Anneal   4000  3.5917e+03   2.7246e+03   1.6449e+03   1.6464e+03  -2.4242e+03  | 840.000
Sim Anneal   5000  3.4506e+03   2.6306e+03   1.6132e+03   1.6353e+03  -2.4286e+03  | 800.000
Sim Anneal   6000  3.3791e+03   2.5944e+03   1.6083e+03   1.6063e+03  -2.4299e+03  | 760.000
Sim Anneal   7000  3.3744e+03   2.5800e+03   1.6210e+03   1.5966e+03  -2.4232e+03  | 720.000
Sim Anneal   8000  3.3517e+03   2.6069e+03   1.5836e+03   1.5860e+03  -2.4248e+03  | 680.000
Sim Anneal   9000  3.3322e+03   2.6550e+03   1.5256e+03   1.5711e+03  -2.4195e+03  | 640.000
Sim Anneal  10000  3.2537e+03   2.6401e+03   1.4153e+03   1.6253e+03  -2.4270e+03  | 600.000
Sim Anneal  11000  3.2438e+03   2.5959e+03   1.4415e+03   1.6299e+03  -2.4235e+03  | 560.000
Sim Anneal  12000  3.2447e+03   2.5763e+03   1.4617e+03   1.6317e+03  -2.4251e+03  | 520.000
Sim Anneal  13000  3.2203e+03   2.5577e+03   1.4614e+03   1.6255e+03  -2.4243e+03  | 480.000
Sim Anneal  14000  3.2139e+03   2.5603e+03   1.4507e+03   1.6272e+03  -2.4243e+03  | 440.000
Sim Anneal  15000  3.1955e+03   2.5591e+03   1.3742e+03   1.6890e+03  -2.4267e+03  | 400.000
Sim Anneal  16000  3.1548e+03   2.5253e+03   1.3698e+03   1.6904e+03  -2.4307e+03  | 360.000
Sim Anneal  17000  3.1548e+03   2.5253e+03   1.3698e+03   1.6904e+03  -2.4307e+03  | 320.000
Sim Anneal  18000  3.1087e+03   2.4797e+03   1.3670e+03   1.6892e+03  -2.4272e+03  | 280.000
Sim Anneal  19000  3.0846e+03   2.4465e+03   1.3804e+03   1.6819e+03  -2.4242e+03  | 240.000
Sim Anneal  20000  3.0854e+03   2.4806e+03   1.3621e+03   1.6682e+03  -2.4255e+03  | 200.000
Sim Anneal  21000  3.0668e+03   2.4640e+03   1.3501e+03   1.6762e+03  -2.4234e+03  | 160.000
Sim Anneal  22000  3.0604e+03   2.4362e+03   1.3822e+03   1.6750e+03  -2.4330e+03  | 120.000
Sim Anneal  23000  3.0438e+03   2.4203e+03   1.3754e+03   1.6798e+03  -2.4316e+03  | 80.000
Sim Anneal  24000  3.0141e+03   2.4194e+03   1.3509e+03   1.6688e+03  -2.4249e+03  | 40.000
Sim Anneal  25000  3.0077e+03   2.4113e+03   1.3475e+03   1.6707e+03  -2.4218e+03  |  0.000
ILSRR 3007.703682131082 2096.312142282885 
Sim Anneal      0  1.7863e+15   1.7863e+15   1.3151e+04   1.4785e+03  -2.7764e+03  | -1.000
Sim Anneal   1000  7.1303e+03   4.6557e+03   3.5280e+03   1.3969e+03  -2.4503e+03  | 960.000
Sim Anneal   2000  5.9487e+03   3.9565e+03   2.9778e+03   1.4585e+03  -2.4440e+03  | 920.000
Sim Anneal   3000  5.6546e+03   3.8469e+03   2.7131e+03   1.5175e+03  -2.4229e+03  | 880.000
Sim Anneal   4000  5.2906e+03   3.6266e+03   2.5862e+03   1.4976e+03  -2.4198e+03  | 840.000
Sim Anneal   5000  5.2381e+03   3.6592e+03   2.5176e+03   1.4753e+03  -2.4140e+03  | 800.000
Sim Anneal   6000  5.1279e+03   3.5002e+03   2.5911e+03   1.4487e+03  -2.4122e+03  | 760.000
Sim Anneal   7000  4.7842e+03   3.5174e+03   2.0743e+03   1.6027e+03  -2.4102e+03  | 720.000
Sim Anneal   8000  4.5972e+03   3.3667e+03   2.0239e+03   1.6211e+03  -2.4144e+03  | 680.000
Sim Anneal   9000  4.5401e+03   3.2883e+03   2.0412e+03   1.6199e+03  -2.4092e+03  | 640.000
Sim Anneal  10000  4.5320e+03   3.2685e+03   2.0516e+03   1.6199e+03  -2.4080e+03  | 600.000
Sim Anneal  11000  4.4568e+03   3.2834e+03   1.9452e+03   1.6370e+03  -2.4088e+03  | 560.000
Sim Anneal  12000  4.4664e+03   3.2967e+03   1.9408e+03   1.6368e+03  -2.4078e+03  | 520.000
Sim Anneal  13000  4.4132e+03   3.2934e+03   1.8870e+03   1.6339e+03  -2.4011e+03  | 480.000
Sim Anneal  14000  4.3790e+03   3.2510e+03   1.8956e+03   1.6334e+03  -2.4010e+03  | 440.000
Sim Anneal  15000  4.3737e+03   3.2275e+03   1.9196e+03   1.6337e+03  -2.4071e+03  | 400.000
Sim Anneal  16000  4.3667e+03   3.2849e+03   1.8298e+03   1.6581e+03  -2.4060e+03  | 360.000
Sim Anneal  17000  4.3639e+03   3.2730e+03   1.8390e+03   1.6582e+03  -2.4063e+03  | 320.000
Sim Anneal  18000  4.3633e+03   3.2655e+03   1.8466e+03   1.6569e+03  -2.4058e+03  | 280.000
Sim Anneal  19000  4.3633e+03   3.2655e+03   1.8466e+03   1.6569e+03  -2.4058e+03  | 240.000
Sim Anneal  20000  4.3651e+03   3.2692e+03   1.8463e+03   1.6582e+03  -2.4085e+03  | 200.000
Sim Anneal  21000  4.3508e+03   3.2609e+03   1.8408e+03   1.6592e+03  -2.4102e+03  | 160.000
Sim Anneal  22000  4.3508e+03   3.2609e+03   1.8408e+03   1.6592e+03  -2.4102e+03  | 120.000
Sim Anneal  23000  4.3471e+03   3.2588e+03   1.8412e+03   1.6569e+03  -2.4098e+03  | 80.000
Sim Anneal  24000  4.3471e+03   3.2588e+03   1.8412e+03   1.6569e+03  -2.4098e+03  | 40.000
Sim Anneal  25000  4.3406e+03   3.2642e+03   1.8032e+03   1.6847e+03  -2.4115e+03  |  0.000
ILSRR 4340.638438037048 2096.312142282885 
Sim Anneal      0  3.5658e+13   3.5658e+13   1.5221e+04   1.5217e+03  -2.7344e+03  | -1.000
Sim Anneal   1000  8.4257e+03   3.3584e+03   6.2148e+03   1.2681e+03  -2.4157e+03  | 960.000
Sim Anneal   2000  7.5031e+03   3.4186e+03   5.1823e+03   1.3188e+03  -2.4167e+03  | 920.000
Sim Anneal   3000  7.0117e+03   3.4492e+03   4.5871e+03   1.4134e+03  -2.4381e+03  | 880.000
Sim Anneal   4000  6.3299e+03   3.0711e+03   4.2096e+03   1.4731e+03  -2.4240e+03  | 840.000
Sim Anneal   5000  6.1295e+03   2.9557e+03   4.1251e+03   1.4835e+03  -2.4348e+03  | 800.000
Sim Anneal   6000  5.8754e+03   2.8970e+03   3.9842e+03   1.4152e+03  -2.4211e+03  | 760.000
Sim Anneal   7000  5.5240e+03   2.8336e+03   3.6305e+03   1.4680e+03  -2.4082e+03  | 720.000
Sim Anneal   8000  5.4548e+03   2.7614e+03   3.6353e+03   1.4689e+03  -2.4108e+03  | 680.000
Sim Anneal   9000  5.2640e+03   2.6790e+03   3.4906e+03   1.5076e+03  -2.4132e+03  | 640.000
Sim Anneal  10000  4.9574e+03   2.7981e+03   3.1738e+03   1.4063e+03  -2.4208e+03  | 600.000
Sim Anneal  11000  4.6850e+03   2.9045e+03   2.6960e+03   1.5000e+03  -2.4155e+03  | 560.000
Sim Anneal  12000  4.6225e+03   2.8316e+03   2.7073e+03   1.4954e+03  -2.4118e+03  | 520.000
Sim Anneal  13000  4.5998e+03   2.8229e+03   2.7069e+03   1.4826e+03  -2.4126e+03  | 480.000
Sim Anneal  14000  4.5481e+03   2.7123e+03   2.8049e+03   1.4400e+03  -2.4092e+03  | 440.000
Sim Anneal  15000  4.3137e+03   2.5718e+03   2.6242e+03   1.5288e+03  -2.4111e+03  | 400.000
Sim Anneal  16000  4.3148e+03   2.5618e+03   2.6274e+03   1.5363e+03  -2.4106e+03  | 360.000
Sim Anneal  17000  4.3146e+03   2.5676e+03   2.6206e+03   1.5373e+03  -2.4109e+03  | 320.000
Sim Anneal  18000  4.3016e+03   2.5716e+03   2.6048e+03   1.5356e+03  -2.4104e+03  | 280.000
Sim Anneal  19000  4.2772e+03   2.5868e+03   2.5570e+03   1.5454e+03  -2.4120e+03  | 240.000
Sim Anneal  20000  4.2340e+03   2.6707e+03   2.3891e+03   1.5910e+03  -2.4169e+03  | 200.000
Sim Anneal  21000  3.9966e+03   2.7023e+03   2.1221e+03   1.5797e+03  -2.4075e+03  | 160.000
Sim Anneal  22000  3.9133e+03   2.6691e+03   2.0529e+03   1.6010e+03  -2.4098e+03  | 120.000
Sim Anneal  23000  3.8792e+03   2.6457e+03   2.0390e+03   1.6044e+03  -2.4100e+03  | 80.000
Sim Anneal  24000  3.8742e+03   2.6440e+03   2.0332e+03   1.6046e+03  -2.4076e+03  | 40.000
Sim Anneal  25000  3.7663e+03   2.6483e+03   1.9338e+03   1.5953e+03  -2.4111e+03  |  0.000
ILSRR 3766.2603797185343 2096.312142282885 
Sim Anneal      0  1.4475e+10   1.4475e+10   4.5052e+03   1.9024e+03  -2.7972e+03  | -1.000
Sim Anneal   1000  6.8022e+03   4.2728e+03   3.4835e+03   1.4682e+03  -2.4223e+03  | 960.000
Sim Anneal   2000  5.8518e+03   3.9602e+03   2.6816e+03   1.6357e+03  -2.4257e+03  | 920.000
Sim Anneal   3000  5.1818e+03   3.3474e+03   2.6377e+03   1.6182e+03  -2.4216e+03  | 880.000
Sim Anneal   4000  4.8748e+03   3.4146e+03   2.2216e+03   1.6508e+03  -2.4123e+03  | 840.000
Sim Anneal   5000  4.5293e+03   3.3875e+03   1.8238e+03   1.7315e+03  -2.4135e+03  | 800.000
Sim Anneal   6000  4.4401e+03   3.3310e+03   1.7742e+03   1.7539e+03  -2.4190e+03  | 760.000
Sim Anneal   7000  4.4285e+03   3.3149e+03   1.7793e+03   1.7541e+03  -2.4198e+03  | 720.000
Sim Anneal   8000  4.2095e+03   3.3023e+03   1.5799e+03   1.7550e+03  -2.4276e+03  | 680.000
Sim Anneal   9000  4.1886e+03   3.2625e+03   1.6036e+03   1.7480e+03  -2.4255e+03  | 640.000
Sim Anneal  10000  4.1044e+03   3.1281e+03   1.6489e+03   1.7507e+03  -2.4232e+03  | 600.000
Sim Anneal  11000  4.0394e+03   3.0722e+03   1.6766e+03   1.7150e+03  -2.4244e+03  | 560.000
Sim Anneal  12000  3.9072e+03   2.9199e+03   1.6580e+03   1.7457e+03  -2.4164e+03  | 520.000
Sim Anneal  13000  3.9174e+03   2.9136e+03   1.6641e+03   1.7511e+03  -2.4114e+03  | 480.000
Sim Anneal  14000  3.8658e+03   2.8976e+03   1.6384e+03   1.7456e+03  -2.4159e+03  | 440.000
Sim Anneal  15000  3.8658e+03   2.8881e+03   1.6494e+03   1.7443e+03  -2.4160e+03  | 400.000
Sim Anneal  16000  3.8564e+03   2.8891e+03   1.6337e+03   1.7474e+03  -2.4138e+03  | 360.000
Sim Anneal  17000  3.8564e+03   2.8891e+03   1.6337e+03   1.7474e+03  -2.4138e+03  | 320.000
Sim Anneal  18000  3.8517e+03   2.8769e+03   1.6426e+03   1.7518e+03  -2.4196e+03  | 280.000
Sim Anneal  19000  3.8504e+03   2.9111e+03   1.6208e+03   1.7404e+03  -2.4219e+03  | 240.000
Sim Anneal  20000  3.8476e+03   2.8818e+03   1.6241e+03   1.7572e+03  -2.4154e+03  | 200.000
Sim Anneal  21000  3.7762e+03   2.8094e+03   1.5955e+03   1.7959e+03  -2.4246e+03  | 160.000
Sim Anneal  22000  3.7494e+03   2.8106e+03   1.5884e+03   1.7748e+03  -2.4245e+03  | 120.000
Sim Anneal  23000  3.7481e+03   2.7838e+03   1.6178e+03   1.7690e+03  -2.4225e+03  | 80.000
Sim Anneal  24000  3.7481e+03   2.7838e+03   1.6178e+03   1.7690e+03  -2.4225e+03  | 40.000
Sim Anneal  25000  3.7395e+03   2.7793e+03   1.6120e+03   1.7711e+03  -2.4229e+03  |  0.000
ILSRR 3739.4826328418812 2096.312142282885 
      RFNM      0 -1.6262e+03   1.9272e+03   8.5160e+02   1.7992e+03  -6.2042e+03  | -1.000
      RFNM     10 -1.6262e+03   1.9272e+03   8.5160e+02   1.7992e+03  -6.2042e+03  | 180.000
      RFNM     20 -1.7482e+03   9.8430e+02   7.3713e+02   1.8383e+03  -5.3079e+03  | 160.000
      RFNM     30 -1.7482e+03   9.8430e+02   7.3713e+02   1.8383e+03  -5.3079e+03  | 140.000
      RFNM     40 -1.7482e+03   9.8430e+02   7.3713e+02   1.8383e+03  -5.3079e+03  | 120.000
      RFNM     50 -1.7482e+03   9.8430e+02   7.3713e+02   1.8383e+03  -5.3079e+03  | 100.000
      RFNM     60 -1.7507e+03   9.8254e+02   7.3770e+02   1.8365e+03  -5.3074e+03  | 80.000
      RFNM     70 -1.7586e+03   9.7654e+02   7.3284e+02   1.8402e+03  -5.3082e+03  | 60.000
      RFNM     80 -1.7586e+03   9.7654e+02   7.3284e+02   1.8402e+03  -5.3082e+03  | 40.000
      RFNM     90 -1.7586e+03   9.7654e+02   7.3284e+02   1.8402e+03  -5.3082e+03  | 20.000
      RFNM    100 -1.7586e+03   9.7654e+02   7.3284e+02   1.8402e+03  -5.3082e+03  |  0.000
Sim Anneal      0  4.0520e+04   1.7944e+03   4.0434e+04   7.8878e+02  -2.4976e+03  | -1.000
ILSRR 40519.77445122397 40519.77445122397 
Sim Anneal      0  4.0520e+04   1.7944e+03   4.0434e+04   7.8878e+02  -2.4976e+03  | -1.000
Sim Anneal   1000  6.5614e+03   2.9379e+03   4.7129e+03   1.4499e+03  -2.5393e+03  | 960.000
Sim Anneal   2000  4.4975e+03   2.5773e+03   2.9138e+03   1.5070e+03  -2.5006e+03  | 920.000
Sim Anneal   3000  3.8303e+03   2.4083e+03   2.4202e+03   1.4957e+03  -2.4940e+03  | 880.000
Sim Anneal   4000  3.5593e+03   2.2455e+03   2.3942e+03   1.4191e+03  -2.4994e+03  | 840.000
Sim Anneal   5000  3.1180e+03   2.1804e+03   2.0924e+03   1.3387e+03  -2.4935e+03  | 800.000
Sim Anneal   6000  2.8976e+03   2.2450e+03   1.6919e+03   1.4587e+03  -2.4980e+03  | 760.000
Sim Anneal   7000  2.6934e+03   2.2162e+03   1.4558e+03   1.5061e+03  -2.4847e+03  | 720.000
Sim Anneal   8000  2.6073e+03   2.0934e+03   1.4973e+03   1.4949e+03  -2.4784e+03  | 680.000
Sim Anneal   9000  2.2297e+03   2.1435e+03   1.0079e+03   1.5554e+03  -2.4772e+03  | 640.000
Sim Anneal  10000  2.1302e+03   2.0818e+03   9.7989e+02   1.5490e+03  -2.4805e+03  | 600.000
Sim Anneal  11000  2.0783e+03   2.0444e+03   8.7722e+02   1.6386e+03  -2.4819e+03  | 560.000
Sim Anneal  12000  2.0769e+03   2.0406e+03   8.8609e+02   1.6291e+03  -2.4789e+03  | 520.000
Sim Anneal  13000  2.0294e+03   2.0180e+03   8.8013e+02   1.6148e+03  -2.4836e+03  | 480.000
Sim Anneal  14000  2.0238e+03   1.9948e+03   9.9383e+02   1.5192e+03  -2.4841e+03  | 440.000
Sim Anneal  15000  1.9801e+03   2.0351e+03   8.4711e+02   1.5859e+03  -2.4881e+03  | 400.000
Sim Anneal  16000  1.9316e+03   2.0079e+03   8.9506e+02   1.5149e+03  -2.4863e+03  | 360.000
Sim Anneal  17000  1.8514e+03   1.9968e+03   8.2287e+02   1.5203e+03  -2.4886e+03  | 320.000
Sim Anneal  18000  1.8239e+03   1.9784e+03   8.1576e+02   1.5188e+03  -2.4890e+03  | 280.000
Sim Anneal  19000  1.8183e+03   1.9789e+03   8.3167e+02   1.4950e+03  -2.4873e+03  | 240.000
Sim Anneal  20000  1.8121e+03   1.9846e+03   8.2038e+02   1.4961e+03  -2.4889e+03  | 200.000
Sim Anneal  21000  1.8102e+03   1.9735e+03   7.8504e+02   1.5401e+03  -2.4884e+03  | 160.000
Sim Anneal  22000  1.7693e+03   1.9312e+03   7.7246e+02   1.5546e+03  -2.4889e+03  | 120.000
Sim Anneal  23000  1.7693e+03   1.9312e+03   7.7246e+02   1.5546e+03  -2.4889e+03  | 80.000
Sim Anneal  24000  1.7280e+03   1.9425e+03   7.1233e+02   1.5643e+03  -2.4912e+03  | 40.000
Sim Anneal  25000  1.7216e+03   1.9340e+03   7.7257e+02   1.5039e+03  -2.4888e+03  |  0.000
ILSRR 1721.6404426244262 1721.6404426244262 
Sim Anneal      0  1.9909e+06   1.9770e+06   1.5598e+04   8.7230e+02  -2.5674e+03  | -1.000
Sim Anneal   1000  5.4236e+03   3.6201e+03   2.5694e+03   1.7656e+03  -2.5314e+03  | 960.000
Sim Anneal   2000  4.7774e+03   3.7139e+03   1.7386e+03   1.8516e+03  -2.5267e+03  | 920.000
Sim Anneal   3000  3.7268e+03   2.7672e+03   1.6437e+03   1.8172e+03  -2.5013e+03  | 880.000
Sim Anneal   4000  3.0381e+03   2.8144e+03   9.8916e+02   1.7337e+03  -2.4992e+03  | 840.000
Sim Anneal   5000  2.7250e+03   2.5067e+03   9.2530e+02   1.7770e+03  -2.4840e+03  | 800.000
Sim Anneal   6000  2.5637e+03   2.4767e+03   1.0074e+03   1.5532e+03  -2.4737e+03  | 760.000
Sim Anneal   7000  2.4714e+03   2.4778e+03   8.6581e+02   1.5999e+03  -2.4721e+03  | 720.000
Sim Anneal   8000  2.2595e+03   2.3464e+03   7.5933e+02   1.6241e+03  -2.4705e+03  | 680.000
Sim Anneal   9000  2.0182e+03   2.2592e+03   6.0218e+02   1.6300e+03  -2.4732e+03  | 640.000
Sim Anneal  10000  1.9924e+03   2.2497e+03   6.0982e+02   1.5985e+03  -2.4656e+03  | 600.000
Sim Anneal  11000  1.9308e+03   2.2155e+03   5.6247e+02   1.6194e+03  -2.4666e+03  | 560.000
Sim Anneal  12000  1.9263e+03   2.2402e+03   5.4536e+02   1.6102e+03  -2.4695e+03  | 520.000
Sim Anneal  13000  1.9188e+03   2.2391e+03   5.4498e+02   1.6006e+03  -2.4658e+03  | 480.000
Sim Anneal  14000  1.9073e+03   2.2335e+03   5.3696e+02   1.6041e+03  -2.4673e+03  | 440.000
Sim Anneal  15000  1.8846e+03   2.2095e+03   5.5022e+02   1.5951e+03  -2.4702e+03  | 400.000
Sim Anneal  16000  1.8816e+03   2.1992e+03   5.5915e+02   1.5971e+03  -2.4739e+03  | 360.000
Sim Anneal  17000  1.8655e+03   2.1823e+03   5.6346e+02   1.5963e+03  -2.4765e+03  | 320.000
Sim Anneal  18000  1.8653e+03   2.1804e+03   5.6116e+02   1.5983e+03  -2.4746e+03  | 280.000
Sim Anneal  19000  1.8653e+03   2.1804e+03   5.6116e+02   1.5983e+03  -2.4746e+03  | 240.000
Sim Anneal  20000  1.8545e+03   2.1741e+03   5.4504e+02   1.6114e+03  -2.4760e+03  | 200.000
Sim Anneal  21000  1.8517e+03   2.1701e+03   5.4384e+02   1.6114e+03  -2.4736e+03  | 160.000
Sim Anneal  22000  1.8517e+03   2.1701e+03   5.4384e+02   1.6114e+03  -2.4736e+03  | 120.000
Sim Anneal  23000  1.8517e+03   2.1701e+03   5.4384e+02   1.6114e+03  -2.4736e+03  | 80.000
Sim Anneal  24000  1.8536e+03   2.1705e+03   5.4450e+02   1.6113e+03  -2.4727e+03  | 40.000
Sim Anneal  25000  1.8526e+03   2.1711e+03   5.4384e+02   1.6123e+03  -2.4746e+03  |  0.000
ILSRR 1852.5992397255966 1721.6404426244262 
Sim Anneal      0  4.2397e+07   4.2383e+07   1.6309e+04   7.1163e+02  -2.5130e+03  | -1.000
Sim Anneal   1000  7.5299e+03   3.6195e+03   5.4285e+03   9.6414e+02  -2.4822e+03  | 960.000
Sim Anneal   2000  5.9628e+03   3.2682e+03   4.0103e+03   1.1433e+03  -2.4590e+03  | 920.000
Sim Anneal   3000  5.0866e+03   2.9851e+03   3.3204e+03   1.2453e+03  -2.4643e+03  | 880.000
Sim Anneal   4000  4.2247e+03   3.0164e+03   2.3863e+03   1.3130e+03  -2.4910e+03  | 840.000
Sim Anneal   5000  4.1687e+03   2.9252e+03   2.4255e+03   1.3044e+03  -2.4864e+03  | 800.000
Sim Anneal   6000  3.7311e+03   2.6784e+03   2.1165e+03   1.4138e+03  -2.4776e+03  | 760.000
Sim Anneal   7000  3.6832e+03   2.6311e+03   2.1190e+03   1.4069e+03  -2.4738e+03  | 720.000
Sim Anneal   8000  3.6896e+03   2.6276e+03   2.1067e+03   1.4281e+03  -2.4728e+03  | 680.000
Sim Anneal   9000  3.6870e+03   2.6409e+03   2.0951e+03   1.4258e+03  -2.4749e+03  | 640.000
Sim Anneal  10000  3.6425e+03   2.6192e+03   2.0186e+03   1.4819e+03  -2.4773e+03  | 600.000
Sim Anneal  11000  3.5642e+03   2.5390e+03   1.8882e+03   1.6086e+03  -2.4716e+03  | 560.000
Sim Anneal  12000  3.4711e+03   2.4112e+03   1.9467e+03   1.5865e+03  -2.4732e+03  | 520.000
Sim Anneal  13000  3.4509e+03   2.4461e+03   1.8803e+03   1.5924e+03  -2.4679e+03  | 480.000
Sim Anneal  14000  3.1960e+03   2.4379e+03   1.6040e+03   1.6257e+03  -2.4715e+03  | 440.000
Sim Anneal  15000  3.1137e+03   2.3967e+03   1.5604e+03   1.6311e+03  -2.4745e+03  | 400.000
Sim Anneal  16000  3.0686e+03   2.3378e+03   1.4618e+03   1.7399e+03  -2.4709e+03  | 360.000
Sim Anneal  17000  2.9272e+03   2.3253e+03   1.4814e+03   1.6020e+03  -2.4815e+03  | 320.000
Sim Anneal  18000  2.9138e+03   2.3175e+03   1.4690e+03   1.6062e+03  -2.4789e+03  | 280.000
Sim Anneal  19000  2.8973e+03   2.3005e+03   1.4602e+03   1.6111e+03  -2.4744e+03  | 240.000
Sim Anneal  20000  2.8816e+03   2.2912e+03   1.4618e+03   1.6060e+03  -2.4774e+03  | 200.000
Sim Anneal  21000  2.8816e+03   2.2912e+03   1.4618e+03   1.6060e+03  -2.4774e+03  | 160.000
Sim Anneal  22000  2.8770e+03   2.3130e+03   1.4288e+03   1.6120e+03  -2.4768e+03  | 120.000
Sim Anneal  23000  2.8696e+03   2.2744e+03   1.4379e+03   1.6303e+03  -2.4730e+03  | 80.000
Sim Anneal  24000  2.8696e+03   2.2744e+03   1.4379e+03   1.6303e+03  -2.4730e+03  | 40.000
Sim Anneal  25000  2.8512e+03   2.2854e+03   1.4037e+03   1.6409e+03  -2.4789e+03  |  0.000
ILSRR 2851.175235611763 1721.6404426244262 
Sim Anneal      0  8.1862e+09   8.1862e+09   6.7737e+03   1.7825e+03  -2.6049e+03  | -1.000
Sim Anneal   1000  6.8192e+03   2.9484e+03   5.1673e+03   1.1743e+03  -2.4708e+03  | 960.000
Sim Anneal   2000  5.5537e+03   3.0115e+03   3.6603e+03   1.3491e+03  -2.4672e+03  | 920.000
Sim Anneal   3000  5.3990e+03   3.0658e+03   3.4281e+03   1.3724e+03  -2.4673e+03  | 880.000
Sim Anneal   4000  4.7122e+03   2.7497e+03   3.0457e+03   1.3703e+03  -2.4536e+03  | 840.000
Sim Anneal   5000  4.2866e+03   3.0197e+03   2.0165e+03   1.7067e+03  -2.4563e+03  | 800.000
Sim Anneal   6000  4.2002e+03   2.9291e+03   2.0282e+03   1.6999e+03  -2.4570e+03  | 760.000
Sim Anneal   7000  4.1353e+03   2.8050e+03   2.0733e+03   1.7005e+03  -2.4434e+03  | 720.000
Sim Anneal   8000  3.9045e+03   2.8748e+03   1.7861e+03   1.6874e+03  -2.4439e+03  | 680.000
Sim Anneal   9000  3.7534e+03   2.8438e+03   1.6706e+03   1.6843e+03  -2.4453e+03  | 640.000
Sim Anneal  10000  3.5775e+03   2.6702e+03   1.6677e+03   1.6919e+03  -2.4523e+03  | 600.000
Sim Anneal  11000  3.3787e+03   2.6369e+03   1.3930e+03   1.8076e+03  -2.4588e+03  | 560.000
Sim Anneal  12000  3.3196e+03   2.5449e+03   1.4237e+03   1.8080e+03  -2.4569e+03  | 520.000
Sim Anneal  13000  3.3106e+03   2.5049e+03   1.4534e+03   1.8068e+03  -2.4546e+03  | 480.000
Sim Anneal  14000  3.2621e+03   2.5137e+03   1.3094e+03   1.8960e+03  -2.4570e+03  | 440.000
Sim Anneal  15000  3.2585e+03   2.5323e+03   1.2959e+03   1.8875e+03  -2.4572e+03  | 400.000
Sim Anneal  16000  3.2459e+03   2.3402e+03   1.5408e+03   1.8168e+03  -2.4519e+03  | 360.000
Sim Anneal  17000  3.1189e+03   2.4140e+03   1.4057e+03   1.7387e+03  -2.4395e+03  | 320.000
Sim Anneal  18000  3.0923e+03   2.3359e+03   1.4575e+03   1.7328e+03  -2.4339e+03  | 280.000
Sim Anneal  19000  3.0678e+03   2.3555e+03   1.3969e+03   1.7563e+03  -2.4410e+03  | 240.000
Sim Anneal  20000  3.0479e+03   2.3134e+03   1.3867e+03   1.7876e+03  -2.4398e+03  | 200.000
Sim Anneal  21000  3.0479e+03   2.3134e+03   1.3867e+03   1.7876e+03  -2.4398e+03  | 160.000
Sim Anneal  22000  3.0487e+03   2.3366e+03   1.3631e+03   1.7887e+03  -2.4397e+03  | 120.000
Sim Anneal  23000  2.9937e+03   2.3128e+03   1.3209e+03   1.8011e+03  -2.4411e+03  | 80.000
Sim Anneal  24000  2.9679e+03   2.2856e+03   1.3254e+03   1.7968e+03  -2.4398e+03  | 40.000
Sim Anneal  25000  2.9536e+03   2.2862e+03   1.3113e+03   1.7981e+03  -2.4420e+03  |  0.000
ILSRR 2953.568999193467 1721.6404426244262 
Sim Anneal      0  2.5817e+11   2.5817e+11   1.2603e+04   1.8024e+03  -2.6374e+03  | -1.000
Sim Anneal   1000  5.8027e+03   3.5011e+03   3.3860e+03   1.3601e+03  -2.4447e+03  | 960.000
Sim Anneal   2000  4.7758e+03   3.0596e+03   2.7125e+03   1.4463e+03  -2.4426e+03  | 920.000
Sim Anneal   3000  4.3843e+03   3.1378e+03   2.2804e+03   1.4108e+03  -2.4447e+03  | 880.000
Sim Anneal   4000  4.1689e+03   3.0576e+03   2.1058e+03   1.4540e+03  -2.4485e+03  | 840.000
Sim Anneal   5000  4.1277e+03   3.0585e+03   2.1990e+03   1.3224e+03  -2.4522e+03  | 800.000
Sim Anneal   6000  3.8038e+03   2.9779e+03   1.8719e+03   1.3891e+03  -2.4351e+03  | 760.000
Sim Anneal   7000  3.4331e+03   3.0012e+03   1.4602e+03   1.4012e+03  -2.4296e+03  | 720.000
Sim Anneal   8000  3.3350e+03   2.9143e+03   1.4321e+03   1.4138e+03  -2.4252e+03  | 680.000
Sim Anneal   9000  3.2222e+03   2.7318e+03   1.4301e+03   1.4860e+03  -2.4256e+03  | 640.000
Sim Anneal  10000  3.1787e+03   2.7112e+03   1.4002e+03   1.4979e+03  -2.4306e+03  | 600.000
Sim Anneal  11000  3.1124e+03   2.7285e+03   1.2765e+03   1.5381e+03  -2.4306e+03  | 560.000
Sim Anneal  12000  3.0960e+03   2.6944e+03   1.3462e+03   1.4920e+03  -2.4367e+03  | 520.000
Sim Anneal  13000  3.0844e+03   2.7009e+03   1.3309e+03   1.4862e+03  -2.4336e+03  | 480.000
Sim Anneal  14000  3.0735e+03   2.6742e+03   1.3380e+03   1.4889e+03  -2.4276e+03  | 440.000
Sim Anneal  15000  3.0595e+03   2.6678e+03   1.3394e+03   1.4846e+03  -2.4323e+03  | 400.000
Sim Anneal  16000  3.0491e+03   2.6611e+03   1.3324e+03   1.4891e+03  -2.4335e+03  | 360.000
Sim Anneal  17000  2.9403e+03   2.5794e+03   1.2763e+03   1.5129e+03  -2.4284e+03  | 320.000
Sim Anneal  18000  2.9252e+03   2.5940e+03   1.1931e+03   1.5645e+03  -2.4264e+03  | 280.000
Sim Anneal  19000  2.9235e+03   2.5862e+03   1.2061e+03   1.5612e+03  -2.4300e+03  | 240.000
Sim Anneal  20000  2.9221e+03   2.5975e+03   1.2419e+03   1.5136e+03  -2.4310e+03  | 200.000
Sim Anneal  21000  2.9181e+03   2.5964e+03   1.2392e+03   1.5165e+03  -2.4339e+03  | 160.000
Sim Anneal  22000  2.9031e+03   2.5810e+03   1.2359e+03   1.5203e+03  -2.4341e+03  | 120.000
Sim Anneal  23000  2.9031e+03   2.5810e+03   1.2359e+03   1.5203e+03  -2.4341e+03  | 80.000
Sim Anneal  24000  2.8898e+03   2.6173e+03   1.1778e+03   1.5340e+03  -2.4393e+03  | 40.000
Sim Anneal  25000  2.8538e+03   2.6042e+03   1.1431e+03   1.5458e+03  -2.4394e+03  |  0.000
ILSRR 2853.7720274447247 1721.6404426244262 
Sim Anneal      0  3.7928e+09   3.7928e+09   1.7335e+04   1.2383e+03  -2.5831e+03  | -1.000
Sim Anneal   1000  8.3699e+03   4.1925e+03   5.5325e+03   1.1643e+03  -2.5195e+03  | 960.000
Sim Anneal   2000  4.1485e+03   2.8998e+03   2.1689e+03   1.5442e+03  -2.4644e+03  | 920.000
Sim Anneal   3000  4.0003e+03   2.7252e+03   2.1364e+03   1.5964e+03  -2.4576e+03  | 880.000
Sim Anneal   4000  3.6838e+03   2.8927e+03   1.5630e+03   1.6918e+03  -2.4637e+03  | 840.000
Sim Anneal   5000  3.2407e+03   2.6630e+03   1.3035e+03   1.7250e+03  -2.4510e+03  | 800.000
Sim Anneal   6000  3.1888e+03   2.6594e+03   1.2894e+03   1.6917e+03  -2.4516e+03  | 760.000
Sim Anneal   7000  3.1677e+03   2.6527e+03   1.2533e+03   1.7088e+03  -2.4471e+03  | 720.000
Sim Anneal   8000  3.0743e+03   2.5769e+03   1.2513e+03   1.6904e+03  -2.4443e+03  | 680.000
Sim Anneal   9000  3.0491e+03   2.5463e+03   1.2573e+03   1.6873e+03  -2.4418e+03  | 640.000
Sim Anneal  10000  3.0506e+03   2.5679e+03   1.2466e+03   1.6805e+03  -2.4444e+03  | 600.000
Sim Anneal  11000  3.0067e+03   2.5212e+03   1.2619e+03   1.6642e+03  -2.4407e+03  | 560.000
Sim Anneal  12000  2.9535e+03   2.4717e+03   1.2148e+03   1.6992e+03  -2.4322e+03  | 520.000
Sim Anneal  13000  2.7946e+03   2.4744e+03   1.0239e+03   1.7243e+03  -2.4279e+03  | 480.000
Sim Anneal  14000  2.7634e+03   2.5095e+03   9.6528e+02   1.7229e+03  -2.4343e+03  | 440.000
Sim Anneal  15000  2.7512e+03   2.4947e+03   9.8380e+02   1.7053e+03  -2.4326e+03  | 400.000
Sim Anneal  16000  2.7158e+03   2.4421e+03   9.8001e+02   1.7186e+03  -2.4249e+03  | 360.000
Sim Anneal  17000  2.6622e+03   2.4314e+03   9.4023e+02   1.7239e+03  -2.4333e+03  | 320.000
Sim Anneal  18000  2.6469e+03   2.4049e+03   9.6674e+02   1.7111e+03  -2.4358e+03  | 280.000
Sim Anneal  19000  2.6305e+03   2.3979e+03   9.5463e+02   1.7131e+03  -2.4352e+03  | 240.000
Sim Anneal  20000  2.6244e+03   2.3850e+03   9.5785e+02   1.7141e+03  -2.4325e+03  | 200.000
Sim Anneal  21000  2.6270e+03   2.3947e+03   9.4711e+02   1.7187e+03  -2.4335e+03  | 160.000
Sim Anneal  22000  2.6177e+03   2.3920e+03   9.0979e+02   1.7499e+03  -2.4339e+03  | 120.000
Sim Anneal  23000  2.6171e+03   2.3871e+03   9.0883e+02   1.7544e+03  -2.4332e+03  | 80.000
Sim Anneal  24000  2.6144e+03   2.3881e+03   9.0743e+02   1.7522e+03  -2.4332e+03  | 40.000
Sim Anneal  25000  2.6051e+03   2.3770e+03   9.0971e+02   1.7488e+03  -2.4304e+03  |  0.000
ILSRR 2605.1327815121717 1721.6404426244262 
Sim Anneal      0  2.8099e+08   2.8096e+08   3.1709e+04   7.8857e+02  -2.5014e+03  | -1.000
Sim Anneal   1000  6.2788e+03   3.3627e+03   3.9908e+03   1.3952e+03  -2.4699e+03  | 960.000
Sim Anneal   2000  4.7028e+03   3.1935e+03   2.3431e+03   1.6240e+03  -2.4578e+03  | 920.000
Sim Anneal   3000  4.1421e+03   2.8536e+03   2.1398e+03   1.6091e+03  -2.4603e+03  | 880.000
Sim Anneal   4000  3.8970e+03   2.7381e+03   2.0888e+03   1.5426e+03  -2.4724e+03  | 840.000
Sim Anneal   5000  3.8872e+03   2.7009e+03   2.0996e+03   1.5614e+03  -2.4747e+03  | 800.000
Sim Anneal   6000  3.7714e+03   2.6111e+03   2.0580e+03   1.5677e+03  -2.4653e+03  | 760.000
Sim Anneal   7000  3.5030e+03   2.4564e+03   1.9650e+03   1.5364e+03  -2.4548e+03  | 720.000
Sim Anneal   8000  3.5090e+03   2.4668e+03   1.9636e+03   1.5338e+03  -2.4553e+03  | 680.000
Sim Anneal   9000  3.4780e+03   2.4230e+03   1.9648e+03   1.5391e+03  -2.4488e+03  | 640.000
Sim Anneal  10000  3.4783e+03   2.4504e+03   1.9312e+03   1.5438e+03  -2.4472e+03  | 600.000
Sim Anneal  11000  3.4689e+03   2.4632e+03   1.9104e+03   1.5478e+03  -2.4525e+03  | 560.000
Sim Anneal  12000  3.3918e+03   2.4232e+03   1.8172e+03   1.6032e+03  -2.4518e+03  | 520.000
Sim Anneal  13000  3.3419e+03   2.4799e+03   1.7070e+03   1.6071e+03  -2.4521e+03  | 480.000
Sim Anneal  14000  3.2486e+03   2.4273e+03   1.6439e+03   1.6245e+03  -2.4472e+03  | 440.000
Sim Anneal  15000  3.1611e+03   2.2987e+03   1.6784e+03   1.6229e+03  -2.4389e+03  | 400.000
Sim Anneal  16000  3.1833e+03   2.3524e+03   1.6386e+03   1.6308e+03  -2.4385e+03  | 360.000
Sim Anneal  17000  3.1716e+03   2.3344e+03   1.6421e+03   1.6328e+03  -2.4377e+03  | 320.000
Sim Anneal  18000  3.0938e+03   2.3258e+03   1.5213e+03   1.6868e+03  -2.4400e+03  | 280.000
Sim Anneal  19000  3.0259e+03   2.2925e+03   1.4292e+03   1.7407e+03  -2.4364e+03  | 240.000
Sim Anneal  20000  3.0034e+03   2.3104e+03   1.3998e+03   1.7343e+03  -2.4411e+03  | 200.000
Sim Anneal  21000  3.0034e+03   2.3104e+03   1.3998e+03   1.7343e+03  -2.4411e+03  | 160.000
Sim Anneal  22000  3.0034e+03   2.3104e+03   1.3998e+03   1.7343e+03  -2.4411e+03  | 120.000
Sim Anneal  23000  2.9546e+03   2.2555e+03   1.4283e+03   1.7123e+03  -2.4416e+03  | 80.000
Sim Anneal  24000  2.8632e+03   2.2466e+03   1.2149e+03   1.8473e+03  -2.4456e+03  | 40.000
Sim Anneal  25000  2.8477e+03   2.2479e+03   1.1966e+03   1.8517e+03  -2.4485e+03  |  0.000
ILSRR 2847.7410078515686 1721.6404426244262 
Sim Anneal      0  7.1270e+04   3.8967e+04   3.4018e+04   8.1114e+02  -2.5260e+03  | -1.000
Sim Anneal   1000  5.2931e+03   3.5940e+03   2.3580e+03   1.8386e+03  -2.4975e+03  | 960.000
Sim Anneal   2000  4.6609e+03   3.6169e+03   1.3936e+03   2.1543e+03  -2.5039e+03  | 920.000
Sim Anneal   3000  4.0330e+03   3.0334e+03   1.3757e+03   2.1041e+03  -2.4802e+03  | 880.000
Sim Anneal   4000  3.8882e+03   2.9971e+03   1.2583e+03   2.1024e+03  -2.4696e+03  | 840.000
Sim Anneal   5000  3.8302e+03   2.8820e+03   1.3400e+03   2.0752e+03  -2.4669e+03  | 800.000
Sim Anneal   6000  3.7602e+03   2.8663e+03   1.3207e+03   2.0444e+03  -2.4712e+03  | 760.000
Sim Anneal   7000  3.7315e+03   2.8544e+03   1.2948e+03   2.0568e+03  -2.4745e+03  | 720.000
Sim Anneal   8000  3.7315e+03   2.8288e+03   1.3278e+03   2.0479e+03  -2.4730e+03  | 680.000
Sim Anneal   9000  3.6862e+03   2.7937e+03   1.2971e+03   2.0647e+03  -2.4693e+03  | 640.000
Sim Anneal  10000  3.5791e+03   2.7552e+03   1.2248e+03   2.0636e+03  -2.4645e+03  | 600.000
Sim Anneal  11000  3.5631e+03   2.7286e+03   1.2266e+03   2.0703e+03  -2.4624e+03  | 560.000
Sim Anneal  12000  3.4963e+03   2.7503e+03   1.1681e+03   2.0406e+03  -2.4627e+03  | 520.000
Sim Anneal  13000  3.4837e+03   2.7428e+03   1.1533e+03   2.0492e+03  -2.4616e+03  | 480.000
Sim Anneal  14000  3.4613e+03   2.7083e+03   1.1541e+03   2.0546e+03  -2.4556e+03  | 440.000
Sim Anneal  15000  3.4667e+03   2.7279e+03   1.1394e+03   2.0584e+03  -2.4590e+03  | 400.000
Sim Anneal  16000  3.4411e+03   2.6860e+03   1.1568e+03   2.0533e+03  -2.4550e+03  | 360.000
Sim Anneal  17000  3.3829e+03   2.6864e+03   1.1092e+03   2.0428e+03  -2.4555e+03  | 320.000
Sim Anneal  18000  3.3829e+03   2.6864e+03   1.1092e+03   2.0428e+03  -2.4555e+03  | 280.000
Sim Anneal  19000  3.3370e+03   2.6261e+03   1.1358e+03   2.0320e+03  -2.4569e+03  | 240.000
Sim Anneal  20000  3.3349e+03   2.6304e+03   1.1339e+03   2.0284e+03  -2.4578e+03  | 200.000
Sim Anneal  21000  3.3239e+03   2.6284e+03   1.1278e+03   2.0286e+03  -2.4609e+03  | 160.000
Sim Anneal  22000  3.2848e+03   2.5759e+03   1.1217e+03   2.0448e+03  -2.4576e+03  | 120.000
Sim Anneal  23000  3.2852e+03   2.5699e+03   1.1259e+03   2.0456e+03  -2.4562e+03  | 80.000
Sim Anneal  24000  3.2713e+03   2.5577e+03   1.1221e+03   2.0476e+03  -2.4561e+03  | 40.000
Sim Anneal  25000  3.2694e+03   2.5669e+03   1.1161e+03   2.0432e+03  -2.4568e+03  |  0.000
ILSRR 3269.4225007421933 1721.6404426244262 
Sim Anneal      0  2.9667e+05   2.7471e+05   2.3300e+04   1.1884e+03  -2.5228e+03  | -1.000
Sim Anneal   1000  7.7676e+03   3.7309e+03   4.7043e+03   1.7918e+03  -2.4593e+03  | 960.000
Sim Anneal   2000  6.4841e+03   3.7358e+03   3.3297e+03   1.8525e+03  -2.4340e+03  | 920.000
Sim Anneal   3000  5.3595e+03   3.3108e+03   2.6471e+03   1.8372e+03  -2.4356e+03  | 880.000
Sim Anneal   4000  5.0134e+03   3.1264e+03   2.3900e+03   1.9335e+03  -2.4365e+03  | 840.000
Sim Anneal   5000  4.5785e+03   3.1835e+03   1.8361e+03   2.0042e+03  -2.4453e+03  | 800.000
Sim Anneal   6000  4.3352e+03   3.1215e+03   1.6463e+03   2.0035e+03  -2.4362e+03  | 760.000
Sim Anneal   7000  4.2308e+03   3.0379e+03   1.6290e+03   2.0136e+03  -2.4497e+03  | 720.000
Sim Anneal   8000  3.5985e+03   2.8923e+03   1.1376e+03   2.0119e+03  -2.4433e+03  | 680.000
Sim Anneal   9000  3.4866e+03   2.7528e+03   1.1521e+03   2.0159e+03  -2.4343e+03  | 640.000
Sim Anneal  10000  3.4062e+03   2.7030e+03   1.1019e+03   2.0225e+03  -2.4212e+03  | 600.000
Sim Anneal  11000  3.4044e+03   2.7314e+03   1.1003e+03   2.0027e+03  -2.4300e+03  | 560.000
Sim Anneal  12000  3.3237e+03   2.6509e+03   1.0866e+03   2.0144e+03  -2.4282e+03  | 520.000
Sim Anneal  13000  3.2747e+03   2.6317e+03   1.0888e+03   1.9820e+03  -2.4277e+03  | 480.000
Sim Anneal  14000  3.2487e+03   2.5950e+03   1.0744e+03   2.0063e+03  -2.4270e+03  | 440.000
Sim Anneal  15000  3.2271e+03   2.5912e+03   1.0620e+03   2.0045e+03  -2.4306e+03  | 400.000
Sim Anneal  16000  3.2180e+03   2.6366e+03   9.9070e+02   2.0262e+03  -2.4354e+03  | 360.000
Sim Anneal  17000  3.2036e+03   2.5838e+03   9.7412e+02   2.0746e+03  -2.4289e+03  | 320.000
Sim Anneal  18000  3.1903e+03   2.5867e+03   9.5757e+02   2.0762e+03  -2.4301e+03  | 280.000
Sim Anneal  19000  3.1900e+03   2.5998e+03   9.5194e+02   2.0723e+03  -2.4341e+03  | 240.000
Sim Anneal  20000  3.1900e+03   2.5998e+03   9.5194e+02   2.0723e+03  -2.4341e+03  | 200.000
Sim Anneal  21000  3.1867e+03   2.5954e+03   9.5266e+02   2.0717e+03  -2.4330e+03  | 160.000
Sim Anneal  22000  3.1866e+03   2.5955e+03   9.5353e+02   2.0704e+03  -2.4328e+03  | 120.000
Sim Anneal  23000  3.1866e+03   2.5955e+03   9.5353e+02   2.0704e+03  -2.4328e+03  | 80.000
Sim Anneal  24000  3.1866e+03   2.5955e+03   9.5353e+02   2.0704e+03  -2.4328e+03  | 40.000
Sim Anneal  25000  3.1622e+03   2.5477e+03   9.7326e+02   2.0681e+03  -2.4268e+03  |  0.000
ILSRR 3162.2320649026497 1721.6404426244262 
Sim Anneal      0  1.9659e+09   1.9659e+09   4.2029e+03   1.4122e+03  -2.5000e+03  | -1.000
Sim Anneal   1000  6.0689e+03   3.0436e+03   4.2012e+03   1.2621e+03  -2.4380e+03  | 960.000
Sim Anneal   2000  4.9846e+03   3.2048e+03   2.8502e+03   1.3815e+03  -2.4519e+03  | 920.000
Sim Anneal   3000  4.7271e+03   3.0188e+03   2.7744e+03   1.3873e+03  -2.4534e+03  | 880.000
Sim Anneal   4000  4.6790e+03   3.0289e+03   2.6693e+03   1.4311e+03  -2.4503e+03  | 840.000
Sim Anneal   5000  4.4042e+03   2.8359e+03   2.6445e+03   1.3665e+03  -2.4427e+03  | 800.000
Sim Anneal   6000  3.8452e+03   2.8524e+03   1.8267e+03   1.6392e+03  -2.4732e+03  | 760.000
Sim Anneal   7000  3.6147e+03   2.7732e+03   1.6292e+03   1.6694e+03  -2.4571e+03  | 720.000
Sim Anneal   8000  3.6008e+03   2.7581e+03   1.6179e+03   1.6743e+03  -2.4496e+03  | 680.000
Sim Anneal   9000  3.5100e+03   2.6728e+03   1.5876e+03   1.6920e+03  -2.4424e+03  | 640.000
Sim Anneal  10000  3.4678e+03   2.7258e+03   1.4934e+03   1.6905e+03  -2.4419e+03  | 600.000
Sim Anneal  11000  3.4403e+03   2.6888e+03   1.5006e+03   1.6921e+03  -2.4412e+03  | 560.000
Sim Anneal  12000  3.3984e+03   2.7042e+03   1.4258e+03   1.7100e+03  -2.4416e+03  | 520.000
Sim Anneal  13000  3.3811e+03   2.7159e+03   1.4031e+03   1.7071e+03  -2.4449e+03  | 480.000
Sim Anneal  14000  3.3191e+03   2.6130e+03   1.4453e+03   1.6947e+03  -2.4340e+03  | 440.000
Sim Anneal  15000  3.2534e+03   2.5425e+03   1.4331e+03   1.7097e+03  -2.4320e+03  | 400.000
Sim Anneal  16000  3.2532e+03   2.5425e+03   1.4333e+03   1.7101e+03  -2.4327e+03  | 360.000
Sim Anneal  17000  3.2506e+03   2.5475e+03   1.4303e+03   1.7091e+03  -2.4364e+03  | 320.000
Sim Anneal  18000  3.1816e+03   2.5469e+03   1.3930e+03   1.6798e+03  -2.4381e+03  | 280.000
Sim Anneal  19000  3.1353e+03   2.4799e+03   1.4119e+03   1.6772e+03  -2.4336e+03  | 240.000
Sim Anneal  20000  3.1287e+03   2.4810e+03   1.4178e+03   1.6641e+03  -2.4342e+03  | 200.000
Sim Anneal  21000  3.1323e+03   2.4682e+03   1.4290e+03   1.6670e+03  -2.4320e+03  | 160.000
Sim Anneal  22000  3.0577e+03   2.4384e+03   1.3812e+03   1.6597e+03  -2.4216e+03  | 120.000
Sim Anneal  23000  3.0271e+03   2.4484e+03   1.3344e+03   1.6704e+03  -2.4261e+03  | 80.000
Sim Anneal  24000  3.0169e+03   2.4305e+03   1.3388e+03   1.6717e+03  -2.4241e+03  | 40.000
Sim Anneal  25000  3.0105e+03   2.4137e+03   1.3429e+03   1.6746e+03  -2.4207e+03  |  0.000
ILSRR 3010.534689947298 1721.6404426244262 
      RFNM      0 -2.0116e+03   1.9340e+03   7.7257e+02   1.5039e+03  -6.2221e+03  | -1.000
      RFNM     10 -2.0116e+03   1.9340e+03   7.7257e+02   1.5039e+03  -6.2221e+03  | 180.000
      RFNM     20 -2.1112e+03   9.1524e+02   8.0892e+02   1.5202e+03  -5.3555e+03  | 160.000
      RFNM     30 -2.1301e+03   8.6157e+02   8.3375e+02   1.4989e+03  -5.3243e+03  | 140.000
      RFNM     40 -2.1301e+03   8.6157e+02   8.3375e+02   1.4989e+03  -5.3243e+03  | 120.000
      RFNM     50 -2.1664e+03   8.6002e+02   8.0780e+02   1.4877e+03  -5.3219e+03  | 100.000
      RFNM     60 -2.1664e+03   8.6002e+02   8.0780e+02   1.4877e+03  -5.3219e+03  | 80.000
      RFNM     70 -2.1809e+03   9.0585e+02   7.0163e+02   1.5203e+03  -5.3087e+03  | 60.000
      RFNM     80 -2.1809e+03   9.0585e+02   7.0163e+02   1.5203e+03  -5.3087e+03  | 40.000
      RFNM     90 -2.1809e+03   9.0585e+02   7.0163e+02   1.5203e+03  -5.3087e+03  | 20.000
      RFNM    100 -2.1809e+03   9.0585e+02   7.0163e+02   1.5203e+03  -5.3087e+03  |  0.000
Sim Anneal      0  4.0520e+04   1.7944e+03   4.0434e+04   7.8878e+02  -2.4976e+03  | -1.000
ILSRR 40519.77445122397 40519.77445122397 
Sim Anneal      0  4.0520e+04   1.7944e+03   4.0434e+04   7.8878e+02  -2.4976e+03  | -1.000
Sim Anneal   1000  4.6528e+03   2.6728e+03   3.1354e+03   1.3417e+03  -2.4971e+03  | 960.000
Sim Anneal   2000  4.2142e+03   2.5948e+03   2.6661e+03   1.4621e+03  -2.5087e+03  | 920.000
Sim Anneal   3000  3.9255e+03   2.3903e+03   2.6032e+03   1.4281e+03  -2.4961e+03  | 880.000
Sim Anneal   4000  3.6914e+03   2.5667e+03   2.0861e+03   1.5382e+03  -2.4995e+03  | 840.000
Sim Anneal   5000  3.5565e+03   2.7425e+03   1.7136e+03   1.6077e+03  -2.5073e+03  | 800.000
Sim Anneal   6000  3.5472e+03   2.7349e+03   1.7107e+03   1.6109e+03  -2.5093e+03  | 760.000
Sim Anneal   7000  3.4868e+03   2.6560e+03   1.7185e+03   1.6200e+03  -2.5076e+03  | 720.000
Sim Anneal   8000  3.1024e+03   2.3967e+03   1.5827e+03   1.6169e+03  -2.4940e+03  | 680.000
Sim Anneal   9000  3.0810e+03   2.3525e+03   1.6030e+03   1.6206e+03  -2.4951e+03  | 640.000
Sim Anneal  10000  2.9705e+03   2.2463e+03   1.5984e+03   1.6171e+03  -2.4913e+03  | 600.000
Sim Anneal  11000  2.9596e+03   2.2416e+03   1.5923e+03   1.6170e+03  -2.4913e+03  | 560.000
Sim Anneal  12000  2.9574e+03   2.2666e+03   1.5446e+03   1.6392e+03  -2.4930e+03  | 520.000
Sim Anneal  13000  2.9362e+03   2.2087e+03   1.5735e+03   1.6413e+03  -2.4873e+03  | 480.000
Sim Anneal  14000  2.9296e+03   2.2011e+03   1.5727e+03   1.6449e+03  -2.4891e+03  | 440.000
Sim Anneal  15000  2.8844e+03   2.1602e+03   1.5163e+03   1.6956e+03  -2.4878e+03  | 400.000
Sim Anneal  16000  2.8523e+03   2.1926e+03   1.4429e+03   1.7042e+03  -2.4873e+03  | 360.000
Sim Anneal  17000  2.8214e+03   2.1718e+03   1.4268e+03   1.7110e+03  -2.4883e+03  | 320.000
Sim Anneal  18000  2.8181e+03   2.1962e+03   1.4428e+03   1.6737e+03  -2.4946e+03  | 280.000
Sim Anneal  19000  2.8181e+03   2.1962e+03   1.4428e+03   1.6737e+03  -2.4946e+03  | 240.000
Sim Anneal  20000  2.8181e+03   2.1962e+03   1.4428e+03   1.6737e+03  -2.4946e+03  | 200.000
Sim Anneal  21000  2.7942e+03   2.1511e+03   1.4539e+03   1.6782e+03  -2.4890e+03  | 160.000
Sim Anneal  22000  2.7942e+03   2.1511e+03   1.4539e+03   1.6782e+03  -2.4890e+03  | 120.000
Sim Anneal  23000  2.7327e+03   2.1090e+03   1.4400e+03   1.6720e+03  -2.4884e+03  | 80.000
Sim Anneal  24000  2.7327e+03   2.1090e+03   1.4400e+03   1.6720e+03  -2.4884e+03  | 40.000
Sim Anneal  25000  2.6876e+03   2.1473e+03   1.3369e+03   1.6943e+03  -2.4909e+03  |  0.000
ILSRR 2687.5724440435447 2687.5724440435447 
Sim Anneal      0  2.3538e+04   1.3925e+04   1.1346e+04   7.7787e+02  -2.5113e+03  | -1.000
Sim Anneal   1000  4.4633e+03   2.8666e+03   2.7704e+03   1.3071e+03  -2.4808e+03  | 960.000
Sim Anneal   2000  3.6866e+03   2.6421e+03   2.1912e+03   1.3296e+03  -2.4763e+03  | 920.000
Sim Anneal   3000  3.5505e+03   2.5396e+03   2.1657e+03   1.3174e+03  -2.4723e+03  | 880.000
Sim Anneal   4000  3.4825e+03   2.4420e+03   2.2455e+03   1.2599e+03  -2.4649e+03  | 840.000
Sim Anneal   5000  3.0504e+03   2.4993e+03   1.6378e+03   1.3794e+03  -2.4661e+03  | 800.000
Sim Anneal   6000  2.9815e+03   2.3975e+03   1.6475e+03   1.3975e+03  -2.4610e+03  | 760.000
Sim Anneal   7000  2.9265e+03   2.3837e+03   1.6111e+03   1.3906e+03  -2.4588e+03  | 720.000
Sim Anneal   8000  2.8633e+03   2.3926e+03   1.4667e+03   1.4644e+03  -2.4604e+03  | 680.000
Sim Anneal   9000  2.6690e+03   2.4208e+03   1.0819e+03   1.6309e+03  -2.4647e+03  | 640.000
Sim Anneal  10000  2.6787e+03   2.4210e+03   1.1128e+03   1.6081e+03  -2.4632e+03  | 600.000
Sim Anneal  11000  2.6712e+03   2.4217e+03   1.1020e+03   1.6112e+03  -2.4636e+03  | 560.000
Sim Anneal  12000  2.6511e+03   2.4197e+03   1.0714e+03   1.6238e+03  -2.4638e+03  | 520.000
Sim Anneal  13000  2.6116e+03   2.3878e+03   1.0644e+03   1.6235e+03  -2.4641e+03  | 480.000
Sim Anneal  14000  2.5773e+03   2.3508e+03   1.0700e+03   1.6240e+03  -2.4676e+03  | 440.000
Sim Anneal  15000  2.5570e+03   2.3397e+03   1.0607e+03   1.6214e+03  -2.4648e+03  | 400.000
Sim Anneal  16000  2.5303e+03   2.2990e+03   1.0599e+03   1.6377e+03  -2.4663e+03  | 360.000
Sim Anneal  17000  2.4838e+03   2.2925e+03   1.0298e+03   1.6270e+03  -2.4655e+03  | 320.000
Sim Anneal  18000  2.4535e+03   2.2605e+03   1.0417e+03   1.6186e+03  -2.4673e+03  | 280.000
Sim Anneal  19000  2.3926e+03   2.2226e+03   9.8885e+02   1.6459e+03  -2.4648e+03  | 240.000
Sim Anneal  20000  2.2778e+03   2.1525e+03   8.0398e+02   1.7877e+03  -2.4664e+03  | 200.000
Sim Anneal  21000  2.2567e+03   2.1288e+03   8.0642e+02   1.7876e+03  -2.4662e+03  | 160.000
Sim Anneal  22000  2.2409e+03   2.0874e+03   8.3156e+02   1.7873e+03  -2.4654e+03  | 120.000
Sim Anneal  23000  2.2409e+03   2.0874e+03   8.3156e+02   1.7873e+03  -2.4654e+03  | 80.000
Sim Anneal  24000  2.1920e+03   2.0691e+03   8.0000e+02   1.7892e+03  -2.4663e+03  | 40.000
Sim Anneal  25000  2.1751e+03   2.0580e+03   8.4106e+02   1.7401e+03  -2.4640e+03  |  0.000
ILSRR 2175.1064004031896 2175.1064004031896 
Sim Anneal      0  9.4963e+10   9.4963e+10   2.0373e+04   1.1516e+03  -2.5775e+03  | -1.000
Sim Anneal   1000  5.4295e+03   3.3029e+03   3.1684e+03   1.4747e+03  -2.5165e+03  | 960.000
Sim Anneal   2000  4.0103e+03   2.7329e+03   2.2312e+03   1.5204e+03  -2.4743e+03  | 920.000
Sim Anneal   3000  3.5761e+03   2.8531e+03   1.4803e+03   1.7274e+03  -2.4848e+03  | 880.000
Sim Anneal   4000  3.4999e+03   2.7057e+03   1.7252e+03   1.5416e+03  -2.4726e+03  | 840.000
Sim Anneal   5000  3.1989e+03   2.5278e+03   1.4270e+03   1.7140e+03  -2.4698e+03  | 800.000
Sim Anneal   6000  3.0173e+03   2.5334e+03   1.1587e+03   1.8140e+03  -2.4888e+03  | 760.000
Sim Anneal   7000  2.8946e+03   2.2952e+03   1.2272e+03   1.8456e+03  -2.4733e+03  | 720.000
Sim Anneal   8000  2.7290e+03   2.3324e+03   1.0111e+03   1.8640e+03  -2.4785e+03  | 680.000
Sim Anneal   9000  2.6768e+03   2.2918e+03   9.9184e+02   1.8700e+03  -2.4768e+03  | 640.000
Sim Anneal  10000  2.6142e+03   2.3635e+03   7.9475e+02   1.9178e+03  -2.4618e+03  | 600.000
Sim Anneal  11000  2.5622e+03   2.3332e+03   7.4224e+02   1.9499e+03  -2.4631e+03  | 560.000
Sim Anneal  12000  2.5031e+03   2.2921e+03   7.2491e+02   1.9504e+03  -2.4644e+03  | 520.000
Sim Anneal  13000  2.5019e+03   2.2979e+03   7.1712e+02   1.9520e+03  -2.4651e+03  | 480.000
Sim Anneal  14000  2.5076e+03   2.2849e+03   7.4115e+02   1.9441e+03  -2.4627e+03  | 440.000
Sim Anneal  15000  2.5054e+03   2.2720e+03   7.5334e+02   1.9426e+03  -2.4626e+03  | 400.000
Sim Anneal  16000  2.5084e+03   2.2815e+03   7.4720e+02   1.9451e+03  -2.4654e+03  | 360.000
Sim Anneal  17000  2.4934e+03   2.2718e+03   7.4331e+02   1.9426e+03  -2.4642e+03  | 320.000
Sim Anneal  18000  2.4738e+03   2.2583e+03   7.2264e+02   1.9624e+03  -2.4696e+03  | 280.000
Sim Anneal  19000  2.4683e+03   2.2660e+03   7.0445e+02   1.9686e+03  -2.4708e+03  | 240.000
Sim Anneal  20000  2.4628e+03   2.2684e+03   6.9475e+02   1.9700e+03  -2.4704e+03  | 200.000
Sim Anneal  21000  2.4585e+03   2.2543e+03   7.0524e+02   1.9681e+03  -2.4691e+03  | 160.000
Sim Anneal  22000  2.4540e+03   2.2396e+03   7.1194e+02   1.9687e+03  -2.4662e+03  | 120.000
Sim Anneal  23000  2.4377e+03   2.2356e+03   7.0391e+02   1.9677e+03  -2.4695e+03  | 80.000
Sim Anneal  24000  2.4379e+03   2.2360e+03   7.0441e+02   1.9665e+03  -2.4691e+03  | 40.000
Sim Anneal  25000  2.4351e+03   2.2372e+03   6.8878e+02   1.9759e+03  -2.4669e+03  |  0.000
ILSRR 2435.0580227918917 2175.1064004031896 
Sim Anneal      0  1.0414e+10   1.0414e+10   1.3708e+04   1.5936e+03  -2.5538e+03  | -1.000
Sim Anneal   1000  7.6897e+03   3.2197e+03   5.8415e+03   1.1057e+03  -2.4772e+03  | 960.000
Sim Anneal   2000  5.8847e+03   3.1038e+03   4.0186e+03   1.2519e+03  -2.4897e+03  | 920.000
Sim Anneal   3000  5.2477e+03   3.1864e+03   3.0211e+03   1.5026e+03  -2.4625e+03  | 880.000
Sim Anneal   4000  4.8804e+03   2.9332e+03   2.9730e+03   1.4565e+03  -2.4822e+03  | 840.000
Sim Anneal   5000  3.9090e+03   2.8179e+03   1.9433e+03   1.6298e+03  -2.4821e+03  | 800.000
Sim Anneal   6000  3.8903e+03   2.7824e+03   1.9292e+03   1.6539e+03  -2.4752e+03  | 760.000
Sim Anneal   7000  3.8462e+03   2.8037e+03   1.8678e+03   1.6540e+03  -2.4793e+03  | 720.000
Sim Anneal   8000  3.8341e+03   2.8117e+03   1.8498e+03   1.6548e+03  -2.4821e+03  | 680.000
Sim Anneal   9000  3.8332e+03   2.8020e+03   1.8492e+03   1.6618e+03  -2.4798e+03  | 640.000
Sim Anneal  10000  3.8332e+03   2.8020e+03   1.8492e+03   1.6618e+03  -2.4798e+03  | 600.000
Sim Anneal  11000  3.8092e+03   2.9571e+03   1.6509e+03   1.6917e+03  -2.4906e+03  | 560.000
Sim Anneal  12000  3.7715e+03   2.9230e+03   1.6054e+03   1.7351e+03  -2.4920e+03  | 520.000
Sim Anneal  13000  3.6680e+03   2.7500e+03   1.6857e+03   1.7084e+03  -2.4762e+03  | 480.000
Sim Anneal  14000  3.6635e+03   2.7331e+03   1.6949e+03   1.7103e+03  -2.4748e+03  | 440.000
Sim Anneal  15000  3.6724e+03   2.7363e+03   1.7008e+03   1.7102e+03  -2.4749e+03  | 400.000
Sim Anneal  16000  3.5859e+03   2.7361e+03   1.6023e+03   1.7250e+03  -2.4776e+03  | 360.000
Sim Anneal  17000  3.5637e+03   2.7148e+03   1.6102e+03   1.7159e+03  -2.4772e+03  | 320.000
Sim Anneal  18000  3.5436e+03   2.6889e+03   1.6215e+03   1.7080e+03  -2.4747e+03  | 280.000
Sim Anneal  19000  3.5222e+03   2.6816e+03   1.6049e+03   1.7127e+03  -2.4771e+03  | 240.000
Sim Anneal  20000  3.5228e+03   2.6777e+03   1.6124e+03   1.7112e+03  -2.4785e+03  | 200.000
Sim Anneal  21000  3.4991e+03   2.6859e+03   1.5829e+03   1.7117e+03  -2.4815e+03  | 160.000
Sim Anneal  22000  3.4918e+03   2.6583e+03   1.6009e+03   1.7118e+03  -2.4793e+03  | 120.000
Sim Anneal  23000  3.4261e+03   2.5527e+03   1.6325e+03   1.7125e+03  -2.4716e+03  | 80.000
Sim Anneal  24000  3.4209e+03   2.5450e+03   1.6329e+03   1.7140e+03  -2.4710e+03  | 40.000
Sim Anneal  25000  3.4150e+03   2.5502e+03   1.6330e+03   1.7040e+03  -2.4722e+03  |  0.000
ILSRR 3415.0294286587978 2175.1064004031896 
Sim Anneal      0  5.3093e+06   5.2931e+06   1.7169e+04   1.6786e+03  -2.6015e+03  | -1.000
Sim Anneal   1000  7.6540e+03   3.9438e+03   4.9594e+03   1.1975e+03  -2.4467e+03  | 960.000
Sim Anneal   2000  6.8098e+03   3.0451e+03   4.9101e+03   1.2980e+03  -2.4433e+03  | 920.000
Sim Anneal   3000  6.1956e+03   2.8805e+03   4.3968e+03   1.3680e+03  -2.4498e+03  | 880.000
Sim Anneal   4000  5.5922e+03   2.5908e+03   4.0597e+03   1.3612e+03  -2.4195e+03  | 840.000
Sim Anneal   5000  5.5107e+03   2.5056e+03   4.0543e+03   1.3720e+03  -2.4212e+03  | 800.000
Sim Anneal   6000  5.3112e+03   2.5437e+03   3.7724e+03   1.4226e+03  -2.4275e+03  | 760.000
Sim Anneal   7000  5.1435e+03   2.4164e+03   3.8052e+03   1.3501e+03  -2.4282e+03  | 720.000
Sim Anneal   8000  4.7720e+03   2.4311e+03   3.2442e+03   1.5293e+03  -2.4325e+03  | 680.000
Sim Anneal   9000  4.6737e+03   2.3884e+03   3.1392e+03   1.5763e+03  -2.4302e+03  | 640.000
Sim Anneal  10000  4.6631e+03   2.3883e+03   3.1172e+03   1.5843e+03  -2.4267e+03  | 600.000
Sim Anneal  11000  4.5203e+03   2.3429e+03   3.0325e+03   1.5767e+03  -2.4319e+03  | 560.000
Sim Anneal  12000  4.5142e+03   2.3015e+03   3.1379e+03   1.5021e+03  -2.4273e+03  | 520.000
Sim Anneal  13000  4.5142e+03   2.3015e+03   3.1379e+03   1.5021e+03  -2.4273e+03  | 480.000
Sim Anneal  14000  4.5093e+03   2.3365e+03   3.0985e+03   1.5036e+03  -2.4293e+03  | 440.000
Sim Anneal  15000  4.4743e+03   2.3460e+03   2.9946e+03   1.5664e+03  -2.4327e+03  | 400.000
Sim Anneal  16000  4.4741e+03   2.3499e+03   2.9874e+03   1.5669e+03  -2.4302e+03  | 360.000
Sim Anneal  17000  4.4452e+03   2.5991e+03   2.6997e+03   1.5836e+03  -2.4373e+03  | 320.000
Sim Anneal  18000  4.3534e+03   2.4781e+03   2.7302e+03   1.5893e+03  -2.4443e+03  | 280.000
Sim Anneal  19000  4.3164e+03   2.4899e+03   2.6605e+03   1.6081e+03  -2.4422e+03  | 240.000
Sim Anneal  20000  4.2758e+03   2.4522e+03   2.6712e+03   1.5914e+03  -2.4391e+03  | 200.000
Sim Anneal  21000  4.2503e+03   2.4658e+03   2.6300e+03   1.5918e+03  -2.4374e+03  | 160.000
Sim Anneal  22000  4.2228e+03   2.4116e+03   2.6567e+03   1.5941e+03  -2.4395e+03  | 120.000
Sim Anneal  23000  4.2214e+03   2.4037e+03   2.6624e+03   1.5952e+03  -2.4399e+03  | 80.000
Sim Anneal  24000  4.2214e+03   2.4037e+03   2.6624e+03   1.5952e+03  -2.4399e+03  | 40.000
Sim Anneal  25000  4.1789e+03   2.4307e+03   2.5899e+03   1.5965e+03  -2.4382e+03  |  0.000
ILSRR 4178.884086224823 2175.1064004031896 
Sim Anneal      0  2.1953e+04   1.3463e+04   9.7740e+03   1.2039e+03  -2.4879e+03  | -1.000
Sim Anneal   1000  5.7509e+03   3.7851e+03   3.1650e+03   1.2563e+03  -2.4555e+03  | 960.000
Sim Anneal   2000  5.0604e+03   3.2210e+03   3.0223e+03   1.2445e+03  -2.4274e+03  | 920.000
Sim Anneal   3000  4.1142e+03   3.2311e+03   1.6282e+03   1.6715e+03  -2.4165e+03  | 880.000
Sim Anneal   4000  3.6965e+03   2.9573e+03   1.6773e+03   1.4836e+03  -2.4217e+03  | 840.000
Sim Anneal   5000  3.5518e+03   2.8881e+03   1.5914e+03   1.5022e+03  -2.4299e+03  | 800.000
Sim Anneal   6000  3.4953e+03   2.7755e+03   1.7507e+03   1.4004e+03  -2.4312e+03  | 760.000
Sim Anneal   7000  3.4230e+03   2.8315e+03   1.6110e+03   1.4181e+03  -2.4376e+03  | 720.000
Sim Anneal   8000  3.3797e+03   2.7840e+03   1.6093e+03   1.4219e+03  -2.4354e+03  | 680.000
Sim Anneal   9000  3.3888e+03   2.7760e+03   1.6279e+03   1.4201e+03  -2.4352e+03  | 640.000
Sim Anneal  10000  3.3738e+03   2.7918e+03   1.5868e+03   1.4313e+03  -2.4362e+03  | 600.000
Sim Anneal  11000  3.2796e+03   2.6873e+03   1.6061e+03   1.4243e+03  -2.4381e+03  | 560.000
Sim Anneal  12000  3.2849e+03   2.6632e+03   1.6299e+03   1.4247e+03  -2.4329e+03  | 520.000
Sim Anneal  13000  3.2861e+03   2.6414e+03   1.6577e+03   1.4199e+03  -2.4330e+03  | 480.000
Sim Anneal  14000  3.2654e+03   2.6383e+03   1.6364e+03   1.4247e+03  -2.4339e+03  | 440.000
Sim Anneal  15000  3.2486e+03   2.6292e+03   1.6304e+03   1.4233e+03  -2.4343e+03  | 400.000
Sim Anneal  16000  3.1934e+03   2.5759e+03   1.6163e+03   1.4377e+03  -2.4365e+03  | 360.000
Sim Anneal  17000  3.1884e+03   2.5739e+03   1.6132e+03   1.4385e+03  -2.4372e+03  | 320.000
Sim Anneal  18000  3.1873e+03   2.5517e+03   1.6317e+03   1.4424e+03  -2.4385e+03  | 280.000
Sim Anneal  19000  3.1873e+03   2.5517e+03   1.6317e+03   1.4424e+03  -2.4385e+03  | 240.000
Sim Anneal  20000  3.1873e+03   2.5517e+03   1.6317e+03   1.4424e+03  -2.4385e+03  | 200.000
Sim Anneal  21000  3.1514e+03   2.6130e+03   1.5375e+03   1.4372e+03  -2.4364e+03  | 160.000
Sim Anneal  22000  3.1424e+03   2.6120e+03   1.5295e+03   1.4379e+03  -2.4370e+03  | 120.000
Sim Anneal  23000  3.1387e+03   2.6098e+03   1.4835e+03   1.4824e+03  -2.4369e+03  | 80.000
Sim Anneal  24000  3.1370e+03   2.6077e+03   1.4842e+03   1.4826e+03  -2.4375e+03  | 40.000
Sim Anneal  25000  3.1355e+03   2.6050e+03   1.4810e+03   1.4838e+03  -2.4344e+03  |  0.000
ILSRR 3135.4549534505404 2175.1064004031896 
Sim Anneal      0  7.0326e+10   7.0326e+10   1.8914e+04   7.6063e+02  -2.4372e+03  | -1.000
Sim Anneal   1000  6.4640e+03   3.2345e+03   4.2011e+03   1.4533e+03  -2.4249e+03  | 960.000
Sim Anneal   2000  5.1597e+03   3.2511e+03   2.8616e+03   1.4800e+03  -2.4330e+03  | 920.000
Sim Anneal   3000  4.8450e+03   2.9911e+03   2.9246e+03   1.3652e+03  -2.4359e+03  | 880.000
Sim Anneal   4000  4.5410e+03   2.7707e+03   2.5185e+03   1.6772e+03  -2.4253e+03  | 840.000
Sim Anneal   5000  3.9705e+03   2.7380e+03   2.1279e+03   1.5433e+03  -2.4386e+03  | 800.000
Sim Anneal   6000  3.6538e+03   2.8316e+03   1.6117e+03   1.6349e+03  -2.4244e+03  | 760.000
Sim Anneal   7000  3.6513e+03   2.8299e+03   1.6106e+03   1.6320e+03  -2.4214e+03  | 720.000
Sim Anneal   8000  3.6318e+03   2.8397e+03   1.5580e+03   1.6493e+03  -2.4152e+03  | 680.000
Sim Anneal   9000  3.5466e+03   2.8505e+03   1.4816e+03   1.6304e+03  -2.4159e+03  | 640.000
Sim Anneal  10000  3.5241e+03   2.8295e+03   1.4762e+03   1.6372e+03  -2.4188e+03  | 600.000
Sim Anneal  11000  3.5284e+03   2.8142e+03   1.5008e+03   1.6337e+03  -2.4204e+03  | 560.000
Sim Anneal  12000  3.5126e+03   2.8132e+03   1.4858e+03   1.6349e+03  -2.4213e+03  | 520.000
Sim Anneal  13000  3.4391e+03   2.7715e+03   1.4789e+03   1.6170e+03  -2.4283e+03  | 480.000
Sim Anneal  14000  3.4330e+03   2.7762e+03   1.4636e+03   1.6185e+03  -2.4253e+03  | 440.000
Sim Anneal  15000  3.4381e+03   2.7655e+03   1.4822e+03   1.6173e+03  -2.4268e+03  | 400.000
Sim Anneal  16000  3.4198e+03   2.7362e+03   1.4814e+03   1.6222e+03  -2.4201e+03  | 360.000
Sim Anneal  17000  3.4160e+03   2.7371e+03   1.4766e+03   1.6213e+03  -2.4190e+03  | 320.000
Sim Anneal  18000  3.4147e+03   2.7480e+03   1.4668e+03   1.6217e+03  -2.4217e+03  | 280.000
Sim Anneal  19000  3.4037e+03   2.7006e+03   1.5117e+03   1.6107e+03  -2.4193e+03  | 240.000
Sim Anneal  20000  3.4033e+03   2.7017e+03   1.5159e+03   1.6065e+03  -2.4208e+03  | 200.000
Sim Anneal  21000  3.3851e+03   2.6602e+03   1.5434e+03   1.6062e+03  -2.4247e+03  | 160.000
Sim Anneal  22000  3.3443e+03   2.6462e+03   1.5331e+03   1.5965e+03  -2.4315e+03  | 120.000
Sim Anneal  23000  3.3443e+03   2.6462e+03   1.5331e+03   1.5965e+03  -2.4315e+03  | 80.000
Sim Anneal  24000  3.3413e+03   2.6451e+03   1.5275e+03   1.6003e+03  -2.4316e+03  | 40.000
Sim Anneal  25000  3.3413e+03   2.6451e+03   1.5275e+03   1.6003e+03  -2.4316e+03  |  0.000
ILSRR 3341.26950680241 2175.1064004031896 
Sim Anneal      0  1.3158e+13   1.3158e+13   2.5843e+04   1.3071e+03  -3.0013e+03  | -1.000
Sim Anneal   1000  6.5801e+03   3.8058e+03   4.0473e+03   1.1839e+03  -2.4569e+03  | 960.000
Sim Anneal   2000  5.1187e+03   3.3513e+03   2.9959e+03   1.2099e+03  -2.4383e+03  | 920.000
Sim Anneal   3000  4.6206e+03   3.2281e+03   2.4973e+03   1.3259e+03  -2.4307e+03  | 880.000
Sim Anneal   4000  4.4402e+03   2.9707e+03   2.6335e+03   1.2472e+03  -2.4112e+03  | 840.000
Sim Anneal   5000  4.2348e+03   3.0042e+03   2.3472e+03   1.3121e+03  -2.4287e+03  | 800.000
Sim Anneal   6000  4.1081e+03   3.0330e+03   2.1981e+03   1.3138e+03  -2.4368e+03  | 760.000
Sim Anneal   7000  4.0479e+03   2.9475e+03   2.2247e+03   1.3062e+03  -2.4304e+03  | 720.000
Sim Anneal   8000  4.0238e+03   2.9599e+03   2.1876e+03   1.3121e+03  -2.4358e+03  | 680.000
Sim Anneal   9000  3.8707e+03   2.7592e+03   2.2347e+03   1.3113e+03  -2.4345e+03  | 640.000
Sim Anneal  10000  3.8569e+03   2.7213e+03   2.2579e+03   1.3103e+03  -2.4326e+03  | 600.000
Sim Anneal  11000  3.7752e+03   2.6828e+03   2.1914e+03   1.3291e+03  -2.4282e+03  | 560.000
Sim Anneal  12000  3.7327e+03   2.7901e+03   1.9829e+03   1.3925e+03  -2.4327e+03  | 520.000
Sim Anneal  13000  3.6172e+03   2.7386e+03   1.8760e+03   1.4378e+03  -2.4352e+03  | 480.000
Sim Anneal  14000  3.5901e+03   2.6838e+03   1.9095e+03   1.4277e+03  -2.4309e+03  | 440.000
Sim Anneal  15000  3.5617e+03   2.8460e+03   1.6225e+03   1.5250e+03  -2.4319e+03  | 400.000
Sim Anneal  16000  3.4618e+03   2.7744e+03   1.5695e+03   1.5419e+03  -2.4241e+03  | 360.000
Sim Anneal  17000  3.4354e+03   2.7384e+03   1.5707e+03   1.5440e+03  -2.4178e+03  | 320.000
Sim Anneal  18000  3.4216e+03   2.7346e+03   1.5717e+03   1.5385e+03  -2.4232e+03  | 280.000
Sim Anneal  19000  3.3748e+03   2.7089e+03   1.5548e+03   1.5347e+03  -2.4236e+03  | 240.000
Sim Anneal  20000  3.3498e+03   2.6251e+03   1.6697e+03   1.4814e+03  -2.4264e+03  | 200.000
Sim Anneal  21000  3.2607e+03   2.5338e+03   1.6279e+03   1.5215e+03  -2.4225e+03  | 160.000
Sim Anneal  22000  3.1523e+03   2.5476e+03   1.3331e+03   1.6985e+03  -2.4269e+03  | 120.000
Sim Anneal  23000  3.1034e+03   2.5030e+03   1.3122e+03   1.7133e+03  -2.4252e+03  | 80.000
Sim Anneal  24000  3.0892e+03   2.5280e+03   1.3819e+03   1.6038e+03  -2.4245e+03  | 40.000
Sim Anneal  25000  3.0697e+03   2.4984e+03   1.3940e+03   1.6003e+03  -2.4231e+03  |  0.000
ILSRR 3069.6931491434507 2175.1064004031896 
Sim Anneal      0  5.3626e+06   5.3517e+06   1.2161e+04   1.1371e+03  -2.4493e+03  | -1.000
Sim Anneal   1000  8.9604e+03   3.2606e+03   6.7645e+03   1.3604e+03  -2.4251e+03  | 960.000
Sim Anneal   2000  8.5952e+03   3.5110e+03   6.1389e+03   1.3841e+03  -2.4388e+03  | 920.000
Sim Anneal   3000  6.1092e+03   3.5245e+03   3.5245e+03   1.4853e+03  -2.4251e+03  | 880.000
Sim Anneal   4000  6.0017e+03   3.4016e+03   3.5670e+03   1.4612e+03  -2.4280e+03  | 840.000
Sim Anneal   5000  5.9840e+03   3.3685e+03   3.5854e+03   1.4580e+03  -2.4279e+03  | 800.000
Sim Anneal   6000  5.7696e+03   3.2104e+03   3.5194e+03   1.4746e+03  -2.4348e+03  | 760.000
Sim Anneal   7000  5.5531e+03   3.1673e+03   3.3231e+03   1.4896e+03  -2.4268e+03  | 720.000
Sim Anneal   8000  5.5321e+03   3.1376e+03   3.3322e+03   1.4900e+03  -2.4277e+03  | 680.000
Sim Anneal   9000  5.1363e+03   2.9612e+03   3.1830e+03   1.4189e+03  -2.4267e+03  | 640.000
Sim Anneal  10000  5.1343e+03   2.9672e+03   3.1762e+03   1.4199e+03  -2.4290e+03  | 600.000
Sim Anneal  11000  5.0917e+03   3.0614e+03   3.0300e+03   1.4388e+03  -2.4386e+03  | 560.000
Sim Anneal  12000  5.0284e+03   3.0087e+03   3.0206e+03   1.4370e+03  -2.4379e+03  | 520.000
Sim Anneal  13000  4.9987e+03   2.9810e+03   3.0098e+03   1.4386e+03  -2.4307e+03  | 480.000
Sim Anneal  14000  4.9501e+03   2.9276e+03   3.0178e+03   1.4350e+03  -2.4303e+03  | 440.000
Sim Anneal  15000  4.9523e+03   2.9267e+03   3.0190e+03   1.4357e+03  -2.4291e+03  | 400.000
Sim Anneal  16000  4.9586e+03   2.8893e+03   3.0802e+03   1.4129e+03  -2.4238e+03  | 360.000
Sim Anneal  17000  4.9310e+03   2.8679e+03   3.0713e+03   1.4117e+03  -2.4200e+03  | 320.000
Sim Anneal  18000  4.8884e+03   2.8619e+03   3.0267e+03   1.4206e+03  -2.4208e+03  | 280.000
Sim Anneal  19000  4.7779e+03   2.7610e+03   2.9796e+03   1.4504e+03  -2.4131e+03  | 240.000
Sim Anneal  20000  4.7263e+03   2.7889e+03   2.8783e+03   1.4830e+03  -2.4238e+03  | 200.000
Sim Anneal  21000  4.7272e+03   2.7895e+03   2.8790e+03   1.4820e+03  -2.4233e+03  | 160.000
Sim Anneal  22000  4.7164e+03   2.7853e+03   2.8797e+03   1.4784e+03  -2.4270e+03  | 120.000
Sim Anneal  23000  4.7164e+03   2.7853e+03   2.8797e+03   1.4784e+03  -2.4270e+03  | 80.000
Sim Anneal  24000  4.6074e+03   2.8773e+03   2.6528e+03   1.5075e+03  -2.4302e+03  | 40.000
Sim Anneal  25000  4.5162e+03   2.8025e+03   2.6074e+03   1.5335e+03  -2.4271e+03  |  0.000
ILSRR 4516.2458183233075 2175.1064004031896 
Sim Anneal      0  1.2547e+06   1.2413e+06   1.4842e+04   1.0284e+03  -2.4318e+03  | -1.000
Sim Anneal   1000  9.7995e+03   3.7558e+03   7.3180e+03   1.1449e+03  -2.4192e+03  | 960.000
Sim Anneal   2000  8.5317e+03   3.6095e+03   6.0985e+03   1.2388e+03  -2.4151e+03  | 920.000
Sim Anneal   3000  8.1304e+03   3.5993e+03   5.7185e+03   1.2401e+03  -2.4274e+03  | 880.000
Sim Anneal   4000  7.6517e+03   3.2548e+03   5.5502e+03   1.2619e+03  -2.4151e+03  | 840.000
Sim Anneal   5000  7.0364e+03   3.1071e+03   5.0191e+03   1.3379e+03  -2.4278e+03  | 800.000
Sim Anneal   6000  6.9586e+03   2.9869e+03   5.0817e+03   1.3126e+03  -2.4227e+03  | 760.000
Sim Anneal   7000  6.8327e+03   2.8245e+03   5.1068e+03   1.3065e+03  -2.4051e+03  | 720.000
Sim Anneal   8000  6.8292e+03   2.8323e+03   5.1160e+03   1.2906e+03  -2.4096e+03  | 680.000
Sim Anneal   9000  4.6129e+03   3.0630e+03   2.6793e+03   1.2798e+03  -2.4091e+03  | 640.000
Sim Anneal  10000  4.2116e+03   2.6729e+03   2.3824e+03   1.5548e+03  -2.3985e+03  | 600.000
Sim Anneal  11000  3.9878e+03   2.7445e+03   2.1375e+03   1.5158e+03  -2.4099e+03  | 560.000
Sim Anneal  12000  3.3360e+03   2.5351e+03   1.6867e+03   1.5268e+03  -2.4126e+03  | 520.000
Sim Anneal  13000  3.2827e+03   2.4819e+03   1.6835e+03   1.5260e+03  -2.4087e+03  | 480.000
Sim Anneal  14000  3.2942e+03   2.4983e+03   1.6835e+03   1.5233e+03  -2.4110e+03  | 440.000
Sim Anneal  15000  3.2899e+03   2.5030e+03   1.6727e+03   1.5258e+03  -2.4116e+03  | 400.000
Sim Anneal  16000  3.2342e+03   2.5117e+03   1.5982e+03   1.5254e+03  -2.4011e+03  | 360.000
Sim Anneal  17000  3.1761e+03   2.4580e+03   1.5911e+03   1.5276e+03  -2.4006e+03  | 320.000
Sim Anneal  18000  3.1512e+03   2.4433e+03   1.6107e+03   1.5025e+03  -2.4053e+03  | 280.000
Sim Anneal  19000  3.0671e+03   2.4456e+03   1.5251e+03   1.4972e+03  -2.4008e+03  | 240.000
Sim Anneal  20000  3.0671e+03   2.4456e+03   1.5251e+03   1.4972e+03  -2.4008e+03  | 200.000
Sim Anneal  21000  3.0636e+03   2.4919e+03   1.4640e+03   1.5139e+03  -2.4061e+03  | 160.000
Sim Anneal  22000  3.0461e+03   2.4795e+03   1.4525e+03   1.5263e+03  -2.4122e+03  | 120.000
Sim Anneal  23000  3.0372e+03   2.4583e+03   1.4922e+03   1.4956e+03  -2.4089e+03  | 80.000
Sim Anneal  24000  3.0367e+03   2.4605e+03   1.4909e+03   1.4943e+03  -2.4090e+03  | 40.000
Sim Anneal  25000  3.0280e+03   2.4593e+03   1.4796e+03   1.4964e+03  -2.4072e+03  |  0.000
ILSRR 3028.0350727306586 2175.1064004031896 
      RFNM      0 -1.5209e+03   2.0580e+03   8.4106e+02   1.7401e+03  -6.1600e+03  | -1.000
      RFNM     10 -1.7884e+03   8.1025e+02   9.4576e+02   1.7152e+03  -5.2597e+03  | 180.000
      RFNM     20 -1.7884e+03   8.1025e+02   9.4576e+02   1.7152e+03  -5.2597e+03  | 160.000
      RFNM     30 -1.7884e+03   8.1025e+02   9.4576e+02   1.7152e+03  -5.2597e+03  | 140.000
      RFNM     40 -1.8696e+03   8.0221e+02   8.9042e+02   1.7216e+03  -5.2838e+03  | 120.000
      RFNM     50 -1.8696e+03   8.0221e+02   8.9042e+02   1.7216e+03  -5.2838e+03  | 100.000
      RFNM     60 -1.8696e+03   8.0221e+02   8.9042e+02   1.7216e+03  -5.2838e+03  | 80.000
      RFNM     70 -1.8696e+03   8.0221e+02   8.9042e+02   1.7216e+03  -5.2838e+03  | 60.000
      RFNM     80 -1.8696e+03   8.0221e+02   8.9042e+02   1.7216e+03  -5.2838e+03  | 40.000
      RFNM     90 -1.8854e+03   8.0608e+02   8.4395e+02   1.7451e+03  -5.2805e+03  | 20.000
      RFNM    100 -1.8854e+03   8.0608e+02   8.4395e+02   1.7451e+03  -5.2805e+03  |  0.000
